#
# There is insufficient memory for the Java Runtime Environment to continue.
# Native memory allocation (mmap) failed to map 67108864 bytes for Failed to commit area from 0x00000000fc000000 to 0x0000000100000000 of length 67108864.
# Possible reasons:
#   The system is out of physical RAM or swap space
#   The process is running with CompressedOops enabled, and the Java Heap may be blocking the growth of the native heap
# Possible solutions:
#   Reduce memory load on the system
#   Increase physical memory or swap space
#   Check if swap backing store is full
#   Decrease Java heap size (-Xmx/-Xms)
#   Decrease number of Java threads
#   Decrease Java thread stack sizes (-Xss)
#   Set larger code cache with -XX:ReservedCodeCacheSize=
# This output file may be truncated or incomplete.
#
#  Out of Memory Error (t:/workspace/open/src/hotspot/os/windows/os_windows.cpp:3269), pid=63796, tid=57276
#
# JRE version:  (11.0.2+9) (build )
# Java VM: OpenJDK 64-Bit Server VM (11.0.2+9, mixed mode, aot, sharing, tiered, compressed oops, g1 gc, windows-amd64)
# No core dump will be written. Minidumps are not enabled by default on client versions of Windows
#

---------------  S U M M A R Y ------------

Command Line: -Xmx64m -Xms64m -Dorg.gradle.appname=gradlew org.gradle.wrapper.GradleWrapperMain tasks

Host: AMD Ryzen 7 4800H with Radeon Graphics         , 16 cores, 15G,  Windows 10 , 64 bit Build 22621 (10.0.22621.2428)
Time: Wed Nov  1 01:27:04 2023 SE Asia Standard Time elapsed time: 4 seconds (0d 0h 0m 4s)

---------------  T H R E A D  ---------------

Current thread (0x000001c2f7337800):  JavaThread "Unknown thread" [_thread_in_vm, id=57276, stack(0x000000657fc00000,0x000000657fd00000)]

Stack: [0x000000657fc00000,0x000000657fd00000]
Native frames: (J=compiled Java code, j=interpreted, Vv=VM code, C=native code)
V  [jvm.dll+0x63489a]
V  [jvm.dll+0x771f9f]
V  [jvm.dll+0x773648]
V  [jvm.dll+0x773d03]
V  [jvm.dll+0x25eba8]
V  [jvm.dll+0x631d3a]
V  [jvm.dll+0x626775]
V  [jvm.dll+0x313ffc]
V  [jvm.dll+0x313e82]
V  [jvm.dll+0x3196e6]
V  [jvm.dll+0x36579f]
V  [jvm.dll+0x3651c0]
V  [jvm.dll+0x2f0ff8]
V  [jvm.dll+0x2f2156]
V  [jvm.dll+0x74b4f7]
V  [jvm.dll+0x74cc3f]
V  [jvm.dll+0x372609]
V  [jvm.dll+0x731b69]
V  [jvm.dll+0x3e1bad]
V  [jvm.dll+0x3e3e81]
C  [java.exe+0x3607]
C  [java.exe+0x1746c]
C  [KERNEL32.DLL+0x1257d]
C  [ntdll.dll+0x5aa78]


---------------  P R O C E S S  ---------------

Threads class SMR info:
_java_thread_list=0x000001c2f50bf3b0, length=0, elements={
}

Java Threads: ( => current thread )

Other Threads:
  0x000001c2f734f800 GCTaskThread "GC Thread#0" [stack: 0x000000657fd00000,0x000000657fe00000] [id=19360]
  0x000001c2f7356000 ConcurrentGCThread "G1 Main Marker" [stack: 0x000000657fe00000,0x000000657ff00000] [id=54788]
  0x000001c2f7357800 ConcurrentGCThread "G1 Conc#0" [stack: 0x000000657ff00000,0x0000006580000000] [id=27228]

[error occurred during error reporting (printing all threads), id 0xc0000005, EXCEPTION_ACCESS_VIOLATION (0xc0000005) at pc=0x00007ffab86cf5b7]

VM state:not at safepoint (not fully initialized)

VM Mutex/Monitor currently owned by a thread:  ([mutex/lock_event])
[0x000001c2f7334da0] Heap_lock - owner thread: 0x000001c2f7337800

Heap address: 0x00000000fc000000, size: 64 MB, Compressed Oops mode: Non-zero based: 0x00000000fc000000
Narrow klass base: 0x0000000000000000, Narrow klass shift: 0

GC Heap History (0 events):
No events

Deoptimization events (0 events):
No events

Classes redefined (0 events):
No events

Internal exceptions (0 events):
No events

Events (0 events):
No events


Dynamic libraries:
0x00007ff7b77c0000 - 0x00007ff7b7805000 	C:\Users\asus\AppData\Local\jdk-11.0.2\bin\java.exe
0x00007ffb37df0000 - 0x00007ffb38007000 	C:\WINDOWS\SYSTEM32\ntdll.dll
0x00007ffb36650000 - 0x00007ffb36714000 	C:\WINDOWS\System32\KERNEL32.DLL
0x00007ffb357a0000 - 0x00007ffb35b46000 	C:\WINDOWS\System32\KERNELBASE.dll
0x00007ffb35c00000 - 0x00007ffb35dad000 	C:\WINDOWS\System32\USER32.dll
0x00007ffb353a0000 - 0x00007ffb353c6000 	C:\WINDOWS\System32\win32u.dll
0x00007ffb367a0000 - 0x00007ffb367c9000 	C:\WINDOWS\System32\GDI32.dll
0x00007ffb35570000 - 0x00007ffb35688000 	C:\WINDOWS\System32\gdi32full.dll
0x00007ffb35690000 - 0x00007ffb3572a000 	C:\WINDOWS\System32\msvcp_win.dll
0x00007ffb353d0000 - 0x00007ffb354e1000 	C:\WINDOWS\System32\ucrtbase.dll
0x00007ffb2d100000 - 0x00007ffb2d393000 	C:\WINDOWS\WinSxS\amd64_microsoft.windows.common-controls_6595b64144ccf1df_6.0.22621.2361_none_2712ced57382f843\COMCTL32.dll
0x00007ffb35b50000 - 0x00007ffb35bf7000 	C:\WINDOWS\System32\msvcrt.dll
0x00007ffb378e0000 - 0x00007ffb37911000 	C:\WINDOWS\System32\IMM32.DLL
0x00007ffb0bfa0000 - 0x00007ffb0bfb6000 	C:\Users\asus\AppData\Local\jdk-11.0.2\bin\vcruntime140.dll
0x00007ffafb890000 - 0x00007ffafb93a000 	C:\Users\asus\AppData\Local\jdk-11.0.2\bin\msvcp140.dll
0x00007ffab83d0000 - 0x00007ffab8ef3000 	C:\Users\asus\AppData\Local\jdk-11.0.2\bin\server\jvm.dll
0x00007ffb36b20000 - 0x00007ffb36bd0000 	C:\WINDOWS\System32\ADVAPI32.dll
0x00007ffb36f40000 - 0x00007ffb36fe6000 	C:\WINDOWS\System32\sechost.dll
0x00007ffb36970000 - 0x00007ffb36a87000 	C:\WINDOWS\System32\RPCRT4.dll
0x00007ffb36530000 - 0x00007ffb36538000 	C:\WINDOWS\System32\PSAPI.DLL
0x00007ffb0ce80000 - 0x00007ffb0ce89000 	C:\WINDOWS\SYSTEM32\WSOCK32.dll
0x00007ffb2cb00000 - 0x00007ffb2cb0a000 	C:\WINDOWS\SYSTEM32\VERSION.dll
0x00007ffb2d810000 - 0x00007ffb2d844000 	C:\WINDOWS\SYSTEM32\WINMM.dll
0x00007ffb37850000 - 0x00007ffb378c1000 	C:\WINDOWS\System32\WS2_32.dll
0x00007ffb34220000 - 0x00007ffb34238000 	C:\WINDOWS\SYSTEM32\kernel.appcore.dll
0x00007ffb0ba70000 - 0x00007ffb0ba81000 	C:\Users\asus\AppData\Local\jdk-11.0.2\bin\verify.dll
0x00007ffb2ae50000 - 0x00007ffb2b07e000 	C:\WINDOWS\SYSTEM32\DBGHELP.DLL
0x00007ffb37a20000 - 0x00007ffb37daa000 	C:\WINDOWS\System32\combase.dll
0x00007ffb35db0000 - 0x00007ffb35e87000 	C:\WINDOWS\System32\OLEAUT32.dll
0x00007ffb2b170000 - 0x00007ffb2b1a2000 	C:\WINDOWS\SYSTEM32\dbgcore.DLL
0x00007ffb354f0000 - 0x00007ffb3556a000 	C:\WINDOWS\System32\bcryptPrimitives.dll
0x00007ffb0a9a0000 - 0x00007ffb0a9c8000 	C:\Users\asus\AppData\Local\jdk-11.0.2\bin\java.dll
0x00007ffb0a8f0000 - 0x00007ffb0a906000 	C:\Users\asus\AppData\Local\jdk-11.0.2\bin\zip.dll
0x00007ffb2aa70000 - 0x00007ffb2aa7a000 	C:\Users\asus\AppData\Local\jdk-11.0.2\bin\jimage.dll

dbghelp: loaded successfully - version: 4.0.5 - missing functions: none
symbol engine: initialized successfully - sym options: 0x614 - pdb path: .;C:\Users\asus\AppData\Local\jdk-11.0.2\bin;C:\WINDOWS\SYSTEM32;C:\WINDOWS\WinSxS\amd64_microsoft.windows.common-controls_6595b64144ccf1df_6.0.22621.2361_none_2712ced57382f843;C:\Users\asus\AppData\Local\jdk-11.0.2\bin\server

VM Arguments:
jvm_args: -Xmx64m -Xms64m -Dorg.gradle.appname=gradlew 
java_command: org.gradle.wrapper.GradleWrapperMain tasks
java_class_path (initial): C:\Users\asus\Desktop\fullstack-mobile\ServiceXpj\android\\gradle\wrapper\gradle-wrapper.jar
Launcher Type: SUN_STANDARD

[Global flags]
     intx CICompilerCount                          = 12                                        {product} {ergonomic}
     uint ConcGCThreads                            = 3                                         {product} {ergonomic}
     uint G1ConcRefinementThreads                  = 13                                        {product} {ergonomic}
   size_t G1HeapRegionSize                         = 1048576                                   {product} {ergonomic}
    uintx GCDrainStackTargetSize                   = 64                                        {product} {ergonomic}
   size_t InitialHeapSize                          = 67108864                                  {product} {command line}
   size_t MarkStackSize                            = 4194304                                   {product} {ergonomic}
   size_t MaxHeapSize                              = 67108864                                  {product} {command line}
   size_t MinHeapDeltaBytes                        = 1048576                                   {product} {ergonomic}
    uintx NonNMethodCodeHeapSize                   = 7591728                                {pd product} {ergonomic}
    uintx NonProfiledCodeHeapSize                  = 122033256                              {pd product} {ergonomic}
    uintx ProfiledCodeHeapSize                     = 122033256                              {pd product} {ergonomic}
    uintx ReservedCodeCacheSize                    = 251658240                              {pd product} {ergonomic}
     bool SegmentedCodeCache                       = true                                      {product} {ergonomic}
     bool UseCompressedClassPointers               = true                                 {lp64_product} {ergonomic}
     bool UseCompressedOops                        = true                                 {lp64_product} {ergonomic}
     bool UseG1GC                                  = true                                      {product} {ergonomic}
     bool UseLargePagesIndividualAllocation        = false                                  {pd product} {ergonomic}

Logging:
Log output configuration:
 #0: stdout all=warning uptime,level,tags
 #1: stderr all=off uptime,level,tags

Environment Variables:
JAVA_HOME=C:\Users\asus\AppData\Local\jdk-11.0.2
CLASSPATH=C:\Users\asus\Desktop\fullstack-mobile\ServiceXpj\android\\gradle\wrapper\gradle-wrapper.jar
PATH=C:\Users\asus\Desktop\fullstack-mobile\ServiceXpj\node_modules\.bin;C:\Users\asus\Desktop\fullstack-mobile\ServiceXpj\node_modules\.bin;C:\Users\asus\Desktop\fullstack-mobile\node_modules\.bin;C:\Users\asus\Desktop\node_modules\.bin;C:\Users\asus\node_modules\.bin;C:\Users\node_modules\.bin;C:\node_modules\.bin;C:\Users\asus\AppData\Roaming\npm\node_modules\npm\node_modules\@npmcli\run-script\lib\node-gyp-bin;C:\Users\asus\Desktop\fullstack-mobile\ServiceXpj\node_modules\.bin;C:\Users\asus\Desktop\fullstack-mobile\node_modules\.bin;C:\Users\asus\Desktop\node_modules\.bin;C:\Users\asus\node_modules\.bin;C:\Users\node_modules\.bin;C:\node_modules\.bin;C:\Users\asus\AppData\Roaming\npm\node_modules\npm\node_modules\@npmcli\run-script\lib\node-gyp-bin;C:\Program Files\Python312\Scripts\;C:\Program Files\Python312\;D:\Program Files (x86)\bin\;C:\ProgramData\Oracle\Java\javapath;C:\Windows\system32;C:\Windows;C:\Windows\System32\Wbem;C:\Windows\System32\WindowsPowerShell\v1.0\;C:\Windows\System32\OpenSSH\;C:\Program Files (x86)\NVIDIA Corporation\PhysX\Common;C:\Program Files\NVIDIA Corporation\NVIDIA NvDLISR;C:\MinGW\bin;C:\WINDOWS\system32;C:\WINDOWS;C:\WINDOWS\System32\Wbem;C:\WINDOWS\System32\WindowsPowerShell\v1.0\;C:\WINDOWS\System32\OpenSSH\;C:\Program Files\Wolfram Research\WolframScript\;D:\;D:\Git\cmd;%LOCALAPPDATA%\Android\Sdk\platform-tools;C:\Users\asus\AppData\Local\Android\Sdk\tools;C:\Users\asus\AppData\Local\jdk-11.0.2\bin;C:\Users\asus\AppData\Local\Android\Sdk\tools;C:\Users\asus\AppData\Local\jdk-11.0.2\bin;C:\Windows\system32;C:\Windows;C:\Windows\System32\Wbem;C:\Windows\System32\WindowsPowerShell\v1.0\;C:\Windows\System32\OpenSSH\;C:\Program Files (x86)\NVIDIA Corporation\PhysX\Common;C:\Program Files\NVIDIA Corporation\NVIDIA NvDLISR;C:\Users\asus\AppData\Local\Programs\Python\Python39\Scripts\;C:\Users\asus\AppData\Local\Programs\Python\Python39\;C:\Users\asus\AppData\Local\Microsoft\WindowsApps;C:\Users\asus\AppData\Local\Programs\Microsoft VS 
USERNAME=21n
OS=Windows_NT
PROCESSOR_IDENTIFIER=AMD64 Family 23 Model 96 Stepping 1, AuthenticAMD



---------------  S Y S T E M  ---------------

OS: Windows 10 , 64 bit Build 22621 (10.0.22621.2428)

CPU:total 16 (initial active 16) (16 cores per cpu, 2 threads per core) family 23 model 96 stepping 1, cmov, cx8, fxsr, mmx, sse, sse2, sse3, ssse3, sse4.1, sse4.2, popcnt, avx, avx2, aes, clmul, mmxext, 3dnowpref, lzcnt, sse4a, ht, tsc, tscinvbit, tscinv, bmi1, bmi2, adx, sha, fma

Memory: 4k page, system-wide physical 15790M (1M free)
TotalPageFile size 64942M (AvailPageFile size 0M)
current process WorkingSet (physical memory assigned to process): 4M, peak: 7M
current process commit charge ("private bytes"): 69M, peak: 133M

vm_info: OpenJDK 64-Bit Server VM (11.0.2+9) for windows-amd64 JRE (11.0.2+9), built on Jan 18 2019 05:23:22 by "mach5one" with MS VC++ 15.5 (VS2017)

END.
