#
# There is insufficient memory for the Java Runtime Environment to continue.
# Native memory allocation (malloc) failed to allocate 145456 bytes for Chunk::new
# Possible reasons:
#   The system is out of physical RAM or swap space
#   The process is running with CompressedOops enabled, and the Java Heap may be blocking the growth of the native heap
# Possible solutions:
#   Reduce memory load on the system
#   Increase physical memory or swap space
#   Check if swap backing store is full
#   Decrease Java heap size (-Xmx/-Xms)
#   Decrease number of Java threads
#   Decrease Java thread stack sizes (-Xss)
#   Set larger code cache with -XX:ReservedCodeCacheSize=
#   JVM is running with Unscaled Compressed Oops mode in which the Java heap is
#     placed in the first 4GB address space. The Java Heap base address is the
#     maximum limit for the native heap growth. Please use -XX:HeapBaseMinAddress
#     to set the Java Heap base and to place the Java Heap above 4GB virtual address.
# This output file may be truncated or incomplete.
#
#  Out of Memory Error (t:/workspace/open/src/hotspot/share/memory/arena.cpp:197), pid=36180, tid=40048
#
# JRE version: OpenJDK Runtime Environment (11.0.2+9) (build 11.0.2+9)
# Java VM: OpenJDK 64-Bit Server VM (11.0.2+9, mixed mode, tiered, compressed oops, g1 gc, windows-amd64)
# No core dump will be written. Minidumps are not enabled by default on client versions of Windows
#

---------------  S U M M A R Y ------------

Command Line: -XX:MaxMetaspaceSize=512m --add-opens=java.base/java.util=ALL-UNNAMED --add-opens=java.base/java.lang=ALL-UNNAMED --add-opens=java.base/java.lang.invoke=ALL-UNNAMED --add-opens=java.prefs/java.util.prefs=ALL-UNNAMED --add-opens=java.base/java.nio.charset=ALL-UNNAMED --add-opens=java.base/java.net=ALL-UNNAMED --add-opens=java.base/java.util.concurrent.atomic=ALL-UNNAMED -Xmx2048m -Dfile.encoding=x-windows-874 -Duser.country=US -Duser.language=en -Duser.variant org.gradle.launcher.daemon.bootstrap.GradleDaemon 8.0.1

Host: AMD Ryzen 7 4800H with Radeon Graphics         , 16 cores, 15G,  Windows 10 , 64 bit Build 22621 (10.0.22621.2428)
Time: Wed Nov  1 01:27:04 2023 SE Asia Standard Time elapsed time: 220 seconds (0d 0h 3m 40s)

---------------  T H R E A D  ---------------

Current thread (0x0000015e9ba93000):  JavaThread "C2 CompilerThread0" daemon [_thread_in_native, id=40048, stack(0x0000005c24d00000,0x0000005c24e00000)]


Current CompileTask:
C2: 220473 4430       4       groovy.lang.MetaClassImpl$1MOPIter::methodNameAction (325 bytes)

Stack: [0x0000005c24d00000,0x0000005c24e00000]
Native frames: (J=compiled Java code, j=interpreted, Vv=VM code, C=native code)
V  [jvm.dll+0x63489a]
V  [jvm.dll+0x771f9f]
V  [jvm.dll+0x773648]
V  [jvm.dll+0x773d03]
V  [jvm.dll+0x25eba8]
V  [jvm.dll+0xc2191]
V  [jvm.dll+0xc271c]
V  [jvm.dll+0xc2270]
V  [jvm.dll+0x69333c]
V  [jvm.dll+0x558c44]
V  [jvm.dll+0x6c09e9]
V  [jvm.dll+0x6bfbc3]
V  [jvm.dll+0x5615b8]
V  [jvm.dll+0x551933]
V  [jvm.dll+0x21a39b]
V  [jvm.dll+0x217a46]
V  [jvm.dll+0x194370]
V  [jvm.dll+0x226b3f]
V  [jvm.dll+0x225148]
V  [jvm.dll+0x73774d]
V  [jvm.dll+0x633942]
C  [ucrtbase.dll+0x29363]
C  [KERNEL32.DLL+0x1257d]
C  [ntdll.dll+0x5aa78]


---------------  P R O C E S S  ---------------

Threads class SMR info:
_java_thread_list=0x0000015e9ff75a50, length=34, elements={
0x0000015efb92c800, 0x0000015e9ba72000, 0x0000015e9ba73000, 0x0000015e9ba90000,
0x0000015e9ba92000, 0x0000015e9ba93000, 0x0000015e9ba96000, 0x0000015e9badc000,
0x0000015e9bc8e800, 0x0000015e9bcdc800, 0x0000015e9cfc7800, 0x0000015e9bb7b800,
0x0000015e9cd60000, 0x0000015e9dca5800, 0x0000015e9cdd8800, 0x0000015e9d3d6000,
0x0000015e9d222000, 0x0000015e9cb32000, 0x0000015e9ccae000, 0x0000015e9ccac800,
0x0000015e9ccae800, 0x0000015e9cca9000, 0x0000015e9ccaf800, 0x0000015e9ccaa000,
0x0000015e9ccaa800, 0x0000015e9ccad000, 0x0000015e9fbde800, 0x0000015e9fbda800,
0x0000015e9fbd9800, 0x0000015e9fbd8800, 0x0000015e9fbe0000, 0x0000015e9fbdd000,
0x0000015e9fbdb000, 0x0000015e9fbe1800
}

Java Threads: ( => current thread )
  0x0000015efb92c800 JavaThread "main" [_thread_blocked, id=45596, stack(0x0000005c24100000,0x0000005c24200000)]
  0x0000015e9ba72000 JavaThread "Reference Handler" daemon [_thread_blocked, id=53828, stack(0x0000005c24800000,0x0000005c24900000)]
  0x0000015e9ba73000 JavaThread "Finalizer" daemon [_thread_blocked, id=47184, stack(0x0000005c24900000,0x0000005c24a00000)]
  0x0000015e9ba90000 JavaThread "Signal Dispatcher" daemon [_thread_blocked, id=47276, stack(0x0000005c24b00000,0x0000005c24c00000)]
  0x0000015e9ba92000 JavaThread "Attach Listener" daemon [_thread_blocked, id=47300, stack(0x0000005c24c00000,0x0000005c24d00000)]
=>0x0000015e9ba93000 JavaThread "C2 CompilerThread0" daemon [_thread_in_native, id=40048, stack(0x0000005c24d00000,0x0000005c24e00000)]
  0x0000015e9ba96000 JavaThread "C1 CompilerThread0" daemon [_thread_blocked, id=27784, stack(0x0000005c24e00000,0x0000005c24f00000)]
  0x0000015e9badc000 JavaThread "Sweeper thread" daemon [_thread_blocked, id=46524, stack(0x0000005c24f00000,0x0000005c25000000)]
  0x0000015e9bc8e800 JavaThread "Common-Cleaner" daemon [_thread_blocked, id=43920, stack(0x0000005c25300000,0x0000005c25400000)]
  0x0000015e9bcdc800 JavaThread "Service Thread" daemon [_thread_blocked, id=31796, stack(0x0000005c25400000,0x0000005c25500000)]
  0x0000015e9cfc7800 JavaThread "Daemon health stats" [_thread_in_Java, id=45556, stack(0x0000005c25a00000,0x0000005c25b00000)]
  0x0000015e9bb7b800 JavaThread "Incoming local TCP Connector on port 55008" [_thread_in_native, id=49456, stack(0x0000005c25100000,0x0000005c25200000)]
  0x0000015e9cd60000 JavaThread "Daemon periodic checks" [_thread_blocked, id=43904, stack(0x0000005c25000000,0x0000005c25100000)]
  0x0000015e9dca5800 JavaThread "Daemon" [_thread_blocked, id=54320, stack(0x0000005c25200000,0x0000005c25300000)]
  0x0000015e9cdd8800 JavaThread "Handler for socket connection from /127.0.0.1:55008 to /127.0.0.1:55009" [_thread_in_native, id=54340, stack(0x0000005c25b00000,0x0000005c25c00000)]
  0x0000015e9d3d6000 JavaThread "Cancel handler" [_thread_blocked, id=54372, stack(0x0000005c25d00000,0x0000005c25e00000)]
  0x0000015e9d222000 JavaThread "Daemon worker" [_thread_in_vm, id=54384, stack(0x0000005c25e00000,0x0000005c25f00000)]
  0x0000015e9cb32000 JavaThread "Asynchronous log dispatcher for DefaultDaemonConnection: socket connection from /127.0.0.1:55008 to /127.0.0.1:55009" [_thread_blocked, id=54408, stack(0x0000005c25f00000,0x0000005c26000000)]
  0x0000015e9ccae000 JavaThread "Daemon client event forwarder" [_thread_blocked, id=54480, stack(0x0000005c26100000,0x0000005c26200000)]
  0x0000015e9ccac800 JavaThread "Cache worker for journal cache (C:\Users\asus\.gradle\caches\journal-1)" [_thread_blocked, id=54736, stack(0x0000005c26200000,0x0000005c26300000)]
  0x0000015e9ccae800 JavaThread "File lock request listener" [_thread_in_native, id=54748, stack(0x0000005c26300000,0x0000005c26400000)]
  0x0000015e9cca9000 JavaThread "Cache worker for file hash cache (C:\Users\asus\.gradle\caches\8.0.1\fileHashes)" [_thread_blocked, id=54444, stack(0x0000005c26f00000,0x0000005c27000000)]
  0x0000015e9ccaf800 JavaThread "File watcher server" daemon [_thread_in_native, id=55916, stack(0x0000005c27000000,0x0000005c27100000)]
  0x0000015e9ccaa000 JavaThread "File watcher consumer" daemon [_thread_blocked, id=55920, stack(0x0000005c27100000,0x0000005c27200000)]
  0x0000015e9ccaa800 JavaThread "Cache worker for checksums cache (C:\Users\asus\Desktop\fullstack-mobile\ServiceXpj\android\.gradle\8.0.1\checksums)" [_thread_blocked, id=56268, stack(0x0000005c25c00000,0x0000005c25d00000)]
  0x0000015e9ccad000 JavaThread "Cache worker for cache directory md-rule (C:\Users\asus\.gradle\caches\8.0.1\md-rule)" [_thread_blocked, id=31000, stack(0x0000005c27200000,0x0000005c27300000)]
  0x0000015e9fbde800 JavaThread "Cache worker for file content cache (C:\Users\asus\.gradle\caches\8.0.1\fileContent)" [_thread_blocked, id=46572, stack(0x0000005c27300000,0x0000005c27400000)]
  0x0000015e9fbda800 JavaThread "Cache worker for file hash cache (C:\Users\asus\Desktop\fullstack-mobile\ServiceXpj\android\.gradle\8.0.1\fileHashes)" [_thread_blocked, id=46888, stack(0x0000005c27500000,0x0000005c27600000)]
  0x0000015e9fbd9800 JavaThread "Cache worker for cache directory md-supplier (C:\Users\asus\.gradle\caches\8.0.1\md-supplier)" [_thread_blocked, id=25528, stack(0x0000005c27600000,0x0000005c27700000)]
  0x0000015e9fbd8800 JavaThread "Cache worker for execution history cache (C:\Users\asus\.gradle\caches\8.0.1\executionHistory)" [_thread_blocked, id=52680, stack(0x0000005c27800000,0x0000005c27900000)]
  0x0000015e9fbe0000 JavaThread "jar transforms" [_thread_blocked, id=57036, stack(0x0000005c27400000,0x0000005c27500000)]
  0x0000015e9fbdd000 JavaThread "jar transforms Thread 2" [_thread_blocked, id=42492, stack(0x0000005c27a00000,0x0000005c27b00000)]
  0x0000015e9fbdb000 JavaThread "jar transforms Thread 3" [_thread_blocked, id=26328, stack(0x0000005c27b00000,0x0000005c27c00000)]
  0x0000015e9fbe1800 JavaThread "jar transforms Thread 4" [_thread_blocked, id=57852, stack(0x0000005c27c00000,0x0000005c27d00000)]

Other Threads:
  0x0000015effe51000 VMThread "VM Thread" [stack: 0x0000005c24700000,0x0000005c24800000] [id=2472] _threads_hazard_ptr=0x0000015e9ff75a50
  0x0000015e9bcdf800 WatcherThread [stack: 0x0000005c25500000,0x0000005c25600000] [id=28488]
  0x0000015efb942000 GCTaskThread "GC Thread#0" [stack: 0x0000005c24200000,0x0000005c24300000] [id=52636]
  0x0000015e9c7fb800 GCTaskThread "GC Thread#1" [stack: 0x0000005c25600000,0x0000005c25700000] [id=41780]
  0x0000015e9c698800 GCTaskThread "GC Thread#2" [stack: 0x0000005c25700000,0x0000005c25800000] [id=53228]
  0x0000015e9c699800 GCTaskThread "GC Thread#3" [stack: 0x0000005c25800000,0x0000005c25900000] [id=45856]
  0x0000015e9c6d2000 GCTaskThread "GC Thread#4" [stack: 0x0000005c25900000,0x0000005c25a00000] [id=40288]
  0x0000015e9c8cb000 GCTaskThread "GC Thread#5" [stack: 0x0000005c26400000,0x0000005c26500000] [id=54820]
  0x0000015e9c8cc000 GCTaskThread "GC Thread#6" [stack: 0x0000005c26500000,0x0000005c26600000] [id=54824]
  0x0000015e9d568000 GCTaskThread "GC Thread#7" [stack: 0x0000005c26600000,0x0000005c26700000] [id=54828]
  0x0000015e9d569000 GCTaskThread "GC Thread#8" [stack: 0x0000005c26700000,0x0000005c26800000] [id=54832]
  0x0000015e9d9b5800 GCTaskThread "GC Thread#9" [stack: 0x0000005c26800000,0x0000005c26900000] [id=54836]
  0x0000015e9d9b6800 GCTaskThread "GC Thread#10" [stack: 0x0000005c26900000,0x0000005c26a00000] [id=54840]
  0x0000015e9ca71800 GCTaskThread "GC Thread#11" [stack: 0x0000005c26a00000,0x0000005c26b00000] [id=54844]
  0x0000015e9ca72000 GCTaskThread "GC Thread#12" [stack: 0x0000005c26b00000,0x0000005c26c00000] [id=54848]
  0x0000015efb972000 ConcurrentGCThread "G1 Main Marker" [stack: 0x0000005c24300000,0x0000005c24400000] [id=34424]
  0x0000015efb974800 ConcurrentGCThread "G1 Conc#0" [stack: 0x0000005c24400000,0x0000005c24500000] [id=41204]
  0x0000015e9c6b3800 ConcurrentGCThread "G1 Conc#1" [stack: 0x0000005c26c00000,0x0000005c26d00000] [id=54980]
  0x0000015e9cbef000 ConcurrentGCThread "G1 Conc#2" [stack: 0x0000005c26d00000,0x0000005c26e00000] [id=54984]
  0x0000015efb9fd800 ConcurrentGCThread "G1 Refine#0" [stack: 0x0000005c24500000,0x0000005c24600000] [id=51144]
  0x0000015effcf8800 ConcurrentGCThread "G1 Young RemSet Sampling" [stack: 0x0000005c24600000,0x0000005c24700000] [id=46128]

Threads with active compile tasks:
C2 CompilerThread04430       4       groovy.lang.MetaClassImpl$1MOPIter::methodNameAction (325 bytes)

VM state:synchronizing (normal execution)

VM Mutex/Monitor currently owned by a thread:  ([mutex/lock_event])
[0x0000015efb928920] Safepoint_lock - owner thread: 0x0000015effe51000
[0x0000015efb9277b0] Threads_lock - owner thread: 0x0000015effe51000

Heap address: 0x0000000080000000, size: 2048 MB, Compressed Oops mode: 32-bit
Narrow klass base: 0x0000000000000000, Narrow klass shift: 3
Compressed class space size: 528482304 Address: 0x0000000100000000

Heap:
 garbage-first heap   total 253952K, used 104514K [0x0000000080000000, 0x0000000100000000)
  region size 1024K, 84 young (86016K), 7 survivors (7168K)
 Metaspace       used 41847K, capacity 43019K, committed 43132K, reserved 555008K
  class space    used 5301K, capacity 5757K, committed 5836K, reserved 516096K
Heap Regions: E=young(eden), S=young(survivor), O=old, HS=humongous(starts), HC=humongous(continues), CS=collection set, F=free, A=archive, TAMS=top-at-mark-start (previous, next)
|   0|0x0000000080000000, 0x0000000080100000, 0x0000000080100000|100%|HS|  |TAMS 0x0000000080100000, 0x0000000080000000| Complete 
|   1|0x0000000080100000, 0x0000000080200000, 0x0000000080200000|100%|HC|  |TAMS 0x0000000080200000, 0x0000000080100000| Complete 
|   2|0x0000000080200000, 0x0000000080300000, 0x0000000080300000|100%|HC|  |TAMS 0x0000000080300000, 0x0000000080200000| Complete 
|   3|0x0000000080300000, 0x0000000080400000, 0x0000000080400000|100%|HC|  |TAMS 0x0000000080400000, 0x0000000080300000| Complete 
|   4|0x0000000080400000, 0x0000000080500000, 0x0000000080500000|100%| O|  |TAMS 0x0000000080500000, 0x0000000080400000| Untracked 
|   5|0x0000000080500000, 0x0000000080600000, 0x0000000080600000|100%| O|  |TAMS 0x0000000080600000, 0x0000000080500000| Untracked 
|   6|0x0000000080600000, 0x0000000080700000, 0x0000000080700000|100%| O|  |TAMS 0x0000000080700000, 0x0000000080600000| Untracked 
|   7|0x0000000080700000, 0x0000000080800000, 0x0000000080800000|100%| O|  |TAMS 0x0000000080800000, 0x0000000080700000| Untracked 
|   8|0x0000000080800000, 0x0000000080900000, 0x0000000080900000|100%| O|  |TAMS 0x0000000080900000, 0x0000000080800000| Untracked 
|   9|0x0000000080900000, 0x0000000080a00000, 0x0000000080a00000|100%| O|  |TAMS 0x0000000080a00000, 0x0000000080900000| Untracked 
|  10|0x0000000080a00000, 0x0000000080b00000, 0x0000000080b00000|100%| O|  |TAMS 0x0000000080b00000, 0x0000000080a00000| Untracked 
|  11|0x0000000080b00000, 0x0000000080c00000, 0x0000000080c00000|100%| O|  |TAMS 0x0000000080c00000, 0x0000000080b00000| Untracked 
|  12|0x0000000080c00000, 0x0000000080d00000, 0x0000000080d00000|100%| O|  |TAMS 0x0000000080d00000, 0x0000000080c00000| Untracked 
|  13|0x0000000080d00000, 0x0000000080e00000, 0x0000000080e00000|100%| O|  |TAMS 0x0000000080e00000, 0x0000000080d00000| Untracked 
|  14|0x0000000080e00000, 0x0000000080f00000, 0x0000000080f00000|100%| O|  |TAMS 0x0000000080f00000, 0x0000000080e00000| Untracked 
|  15|0x0000000080f00000, 0x0000000081000000, 0x0000000081000000|100%| O|  |TAMS 0x0000000081000000, 0x0000000080f00000| Untracked 
|  16|0x0000000081000000, 0x0000000081100000, 0x0000000081100000|100%| O|  |TAMS 0x0000000081100000, 0x0000000081000000| Untracked 
|  17|0x0000000081100000, 0x00000000811cc600, 0x0000000081200000| 79%| O|  |TAMS 0x00000000811cc600, 0x0000000081100000| Untracked 
|  18|0x0000000081200000, 0x0000000081300000, 0x0000000081300000|100%|HS|  |TAMS 0x0000000081200000, 0x0000000081200000| Complete 
|  19|0x0000000081300000, 0x0000000081400000, 0x0000000081400000|100%|HS|  |TAMS 0x0000000081300000, 0x0000000081300000| Complete 
|  20|0x0000000081400000, 0x0000000081500000, 0x0000000081500000|100%|HC|  |TAMS 0x0000000081400000, 0x0000000081400000| Complete 
|  21|0x0000000081500000, 0x0000000081500000, 0x0000000081600000|  0%| F|  |TAMS 0x0000000081500000, 0x0000000081500000| Untracked 
|  22|0x0000000081600000, 0x0000000081600000, 0x0000000081700000|  0%| F|  |TAMS 0x0000000081600000, 0x0000000081600000| Untracked 
|  23|0x0000000081700000, 0x0000000081700000, 0x0000000081800000|  0%| F|  |TAMS 0x0000000081700000, 0x0000000081700000| Untracked 
|  24|0x0000000081800000, 0x0000000081800000, 0x0000000081900000|  0%| F|  |TAMS 0x0000000081800000, 0x0000000081800000| Untracked 
|  25|0x0000000081900000, 0x0000000081900000, 0x0000000081a00000|  0%| F|  |TAMS 0x0000000081900000, 0x0000000081900000| Untracked 
|  26|0x0000000081a00000, 0x0000000081a00000, 0x0000000081b00000|  0%| F|  |TAMS 0x0000000081a00000, 0x0000000081a00000| Untracked 
|  27|0x0000000081b00000, 0x0000000081b00000, 0x0000000081c00000|  0%| F|  |TAMS 0x0000000081b00000, 0x0000000081b00000| Untracked 
|  28|0x0000000081c00000, 0x0000000081c00000, 0x0000000081d00000|  0%| F|  |TAMS 0x0000000081c00000, 0x0000000081c00000| Untracked 
|  29|0x0000000081d00000, 0x0000000081d00000, 0x0000000081e00000|  0%| F|  |TAMS 0x0000000081d00000, 0x0000000081d00000| Untracked 
|  30|0x0000000081e00000, 0x0000000081e00000, 0x0000000081f00000|  0%| F|  |TAMS 0x0000000081e00000, 0x0000000081e00000| Untracked 
|  31|0x0000000081f00000, 0x0000000081f00000, 0x0000000082000000|  0%| F|  |TAMS 0x0000000081f00000, 0x0000000081f00000| Untracked 
|  32|0x0000000082000000, 0x0000000082000000, 0x0000000082100000|  0%| F|  |TAMS 0x0000000082000000, 0x0000000082000000| Untracked 
|  33|0x0000000082100000, 0x0000000082100000, 0x0000000082200000|  0%| F|  |TAMS 0x0000000082100000, 0x0000000082100000| Untracked 
|  34|0x0000000082200000, 0x0000000082200000, 0x0000000082300000|  0%| F|  |TAMS 0x0000000082200000, 0x0000000082200000| Untracked 
|  35|0x0000000082300000, 0x0000000082300000, 0x0000000082400000|  0%| F|  |TAMS 0x0000000082300000, 0x0000000082300000| Untracked 
|  36|0x0000000082400000, 0x0000000082400000, 0x0000000082500000|  0%| F|  |TAMS 0x0000000082400000, 0x0000000082400000| Untracked 
|  37|0x0000000082500000, 0x0000000082500000, 0x0000000082600000|  0%| F|  |TAMS 0x0000000082500000, 0x0000000082500000| Untracked 
|  38|0x0000000082600000, 0x0000000082600000, 0x0000000082700000|  0%| F|  |TAMS 0x0000000082600000, 0x0000000082600000| Untracked 
|  39|0x0000000082700000, 0x0000000082700000, 0x0000000082800000|  0%| F|  |TAMS 0x0000000082700000, 0x0000000082700000| Untracked 
|  40|0x0000000082800000, 0x0000000082800000, 0x0000000082900000|  0%| F|  |TAMS 0x0000000082800000, 0x0000000082800000| Untracked 
|  41|0x0000000082900000, 0x0000000082900000, 0x0000000082a00000|  0%| F|  |TAMS 0x0000000082900000, 0x0000000082900000| Untracked 
|  42|0x0000000082a00000, 0x0000000082a00000, 0x0000000082b00000|  0%| F|  |TAMS 0x0000000082a00000, 0x0000000082a00000| Untracked 
|  43|0x0000000082b00000, 0x0000000082b00000, 0x0000000082c00000|  0%| F|  |TAMS 0x0000000082b00000, 0x0000000082b00000| Untracked 
|  44|0x0000000082c00000, 0x0000000082c00000, 0x0000000082d00000|  0%| F|  |TAMS 0x0000000082c00000, 0x0000000082c00000| Untracked 
|  45|0x0000000082d00000, 0x0000000082d00000, 0x0000000082e00000|  0%| F|  |TAMS 0x0000000082d00000, 0x0000000082d00000| Untracked 
|  46|0x0000000082e00000, 0x0000000082e00000, 0x0000000082f00000|  0%| F|  |TAMS 0x0000000082e00000, 0x0000000082e00000| Untracked 
|  47|0x0000000082f00000, 0x0000000082f00000, 0x0000000083000000|  0%| F|  |TAMS 0x0000000082f00000, 0x0000000082f00000| Untracked 
|  48|0x0000000083000000, 0x0000000083000000, 0x0000000083100000|  0%| F|  |TAMS 0x0000000083000000, 0x0000000083000000| Untracked 
|  49|0x0000000083100000, 0x0000000083100000, 0x0000000083200000|  0%| F|  |TAMS 0x0000000083100000, 0x0000000083100000| Untracked 
|  50|0x0000000083200000, 0x0000000083200000, 0x0000000083300000|  0%| F|  |TAMS 0x0000000083200000, 0x0000000083200000| Untracked 
|  51|0x0000000083300000, 0x0000000083300000, 0x0000000083400000|  0%| F|  |TAMS 0x0000000083300000, 0x0000000083300000| Untracked 
|  52|0x0000000083400000, 0x0000000083400000, 0x0000000083500000|  0%| F|  |TAMS 0x0000000083400000, 0x0000000083400000| Untracked 
|  53|0x0000000083500000, 0x0000000083500000, 0x0000000083600000|  0%| F|  |TAMS 0x0000000083500000, 0x0000000083500000| Untracked 
|  54|0x0000000083600000, 0x0000000083600000, 0x0000000083700000|  0%| F|  |TAMS 0x0000000083600000, 0x0000000083600000| Untracked 
|  55|0x0000000083700000, 0x0000000083700000, 0x0000000083800000|  0%| F|  |TAMS 0x0000000083700000, 0x0000000083700000| Untracked 
|  56|0x0000000083800000, 0x0000000083800000, 0x0000000083900000|  0%| F|  |TAMS 0x0000000083800000, 0x0000000083800000| Untracked 
|  57|0x0000000083900000, 0x0000000083900000, 0x0000000083a00000|  0%| F|  |TAMS 0x0000000083900000, 0x0000000083900000| Untracked 
|  58|0x0000000083a00000, 0x0000000083a00000, 0x0000000083b00000|  0%| F|  |TAMS 0x0000000083a00000, 0x0000000083a00000| Untracked 
|  59|0x0000000083b00000, 0x0000000083b00000, 0x0000000083c00000|  0%| F|  |TAMS 0x0000000083b00000, 0x0000000083b00000| Untracked 
|  60|0x0000000083c00000, 0x0000000083c00000, 0x0000000083d00000|  0%| F|  |TAMS 0x0000000083c00000, 0x0000000083c00000| Untracked 
|  61|0x0000000083d00000, 0x0000000083d00000, 0x0000000083e00000|  0%| F|  |TAMS 0x0000000083d00000, 0x0000000083d00000| Untracked 
|  62|0x0000000083e00000, 0x0000000083e00000, 0x0000000083f00000|  0%| F|  |TAMS 0x0000000083e00000, 0x0000000083e00000| Untracked 
|  63|0x0000000083f00000, 0x0000000083f00000, 0x0000000084000000|  0%| F|  |TAMS 0x0000000083f00000, 0x0000000083f00000| Untracked 
|  64|0x0000000084000000, 0x0000000084000000, 0x0000000084100000|  0%| F|  |TAMS 0x0000000084000000, 0x0000000084000000| Untracked 
|  65|0x0000000084100000, 0x0000000084100000, 0x0000000084200000|  0%| F|  |TAMS 0x0000000084100000, 0x0000000084100000| Untracked 
|  66|0x0000000084200000, 0x0000000084200000, 0x0000000084300000|  0%| F|  |TAMS 0x0000000084200000, 0x0000000084200000| Untracked 
|  67|0x0000000084300000, 0x0000000084300000, 0x0000000084400000|  0%| F|  |TAMS 0x0000000084300000, 0x0000000084300000| Untracked 
|  68|0x0000000084400000, 0x0000000084400000, 0x0000000084500000|  0%| F|  |TAMS 0x0000000084400000, 0x0000000084400000| Untracked 
|  69|0x0000000084500000, 0x0000000084500000, 0x0000000084600000|  0%| F|  |TAMS 0x0000000084500000, 0x0000000084500000| Untracked 
|  70|0x0000000084600000, 0x0000000084600000, 0x0000000084700000|  0%| F|  |TAMS 0x0000000084600000, 0x0000000084600000| Untracked 
|  71|0x0000000084700000, 0x0000000084700000, 0x0000000084800000|  0%| F|  |TAMS 0x0000000084700000, 0x0000000084700000| Untracked 
|  72|0x0000000084800000, 0x0000000084800000, 0x0000000084900000|  0%| F|  |TAMS 0x0000000084800000, 0x0000000084800000| Untracked 
|  73|0x0000000084900000, 0x0000000084900000, 0x0000000084a00000|  0%| F|  |TAMS 0x0000000084900000, 0x0000000084900000| Untracked 
|  74|0x0000000084a00000, 0x0000000084a00000, 0x0000000084b00000|  0%| F|  |TAMS 0x0000000084a00000, 0x0000000084a00000| Untracked 
|  75|0x0000000084b00000, 0x0000000084b00000, 0x0000000084c00000|  0%| F|  |TAMS 0x0000000084b00000, 0x0000000084b00000| Untracked 
|  76|0x0000000084c00000, 0x0000000084c00000, 0x0000000084d00000|  0%| F|  |TAMS 0x0000000084c00000, 0x0000000084c00000| Untracked 
|  77|0x0000000084d00000, 0x0000000084d00000, 0x0000000084e00000|  0%| F|  |TAMS 0x0000000084d00000, 0x0000000084d00000| Untracked 
|  78|0x0000000084e00000, 0x0000000084e00000, 0x0000000084f00000|  0%| F|  |TAMS 0x0000000084e00000, 0x0000000084e00000| Untracked 
|  79|0x0000000084f00000, 0x0000000084f00000, 0x0000000085000000|  0%| F|  |TAMS 0x0000000084f00000, 0x0000000084f00000| Untracked 
|  80|0x0000000085000000, 0x0000000085000000, 0x0000000085100000|  0%| F|  |TAMS 0x0000000085000000, 0x0000000085000000| Untracked 
|  81|0x0000000085100000, 0x0000000085100000, 0x0000000085200000|  0%| F|  |TAMS 0x0000000085100000, 0x0000000085100000| Untracked 
|  82|0x0000000085200000, 0x0000000085200000, 0x0000000085300000|  0%| F|  |TAMS 0x0000000085200000, 0x0000000085200000| Untracked 
|  83|0x0000000085300000, 0x0000000085300000, 0x0000000085400000|  0%| F|  |TAMS 0x0000000085300000, 0x0000000085300000| Untracked 
|  84|0x0000000085400000, 0x0000000085400000, 0x0000000085500000|  0%| F|  |TAMS 0x0000000085400000, 0x0000000085400000| Untracked 
|  85|0x0000000085500000, 0x0000000085500000, 0x0000000085600000|  0%| F|  |TAMS 0x0000000085500000, 0x0000000085500000| Untracked 
|  86|0x0000000085600000, 0x0000000085600000, 0x0000000085700000|  0%| F|  |TAMS 0x0000000085600000, 0x0000000085600000| Untracked 
|  87|0x0000000085700000, 0x0000000085700000, 0x0000000085800000|  0%| F|  |TAMS 0x0000000085700000, 0x0000000085700000| Untracked 
|  88|0x0000000085800000, 0x0000000085800000, 0x0000000085900000|  0%| F|  |TAMS 0x0000000085800000, 0x0000000085800000| Untracked 
|  89|0x0000000085900000, 0x0000000085900000, 0x0000000085a00000|  0%| F|  |TAMS 0x0000000085900000, 0x0000000085900000| Untracked 
|  90|0x0000000085a00000, 0x0000000085a00000, 0x0000000085b00000|  0%| F|  |TAMS 0x0000000085a00000, 0x0000000085a00000| Untracked 
|  91|0x0000000085b00000, 0x0000000085b00000, 0x0000000085c00000|  0%| F|  |TAMS 0x0000000085b00000, 0x0000000085b00000| Untracked 
|  92|0x0000000085c00000, 0x0000000085c00000, 0x0000000085d00000|  0%| F|  |TAMS 0x0000000085c00000, 0x0000000085c00000| Untracked 
|  93|0x0000000085d00000, 0x0000000085d00000, 0x0000000085e00000|  0%| F|  |TAMS 0x0000000085d00000, 0x0000000085d00000| Untracked 
|  94|0x0000000085e00000, 0x0000000085e00000, 0x0000000085f00000|  0%| F|  |TAMS 0x0000000085e00000, 0x0000000085e00000| Untracked 
|  95|0x0000000085f00000, 0x0000000085f00000, 0x0000000086000000|  0%| F|  |TAMS 0x0000000085f00000, 0x0000000085f00000| Untracked 
|  96|0x0000000086000000, 0x0000000086000000, 0x0000000086100000|  0%| F|  |TAMS 0x0000000086000000, 0x0000000086000000| Untracked 
|  97|0x0000000086100000, 0x0000000086100000, 0x0000000086200000|  0%| F|  |TAMS 0x0000000086100000, 0x0000000086100000| Untracked 
|  98|0x0000000086200000, 0x0000000086200000, 0x0000000086300000|  0%| F|  |TAMS 0x0000000086200000, 0x0000000086200000| Untracked 
|  99|0x0000000086300000, 0x0000000086300000, 0x0000000086400000|  0%| F|  |TAMS 0x0000000086300000, 0x0000000086300000| Untracked 
| 100|0x0000000086400000, 0x0000000086400000, 0x0000000086500000|  0%| F|  |TAMS 0x0000000086400000, 0x0000000086400000| Untracked 
| 101|0x0000000086500000, 0x0000000086500000, 0x0000000086600000|  0%| F|  |TAMS 0x0000000086500000, 0x0000000086500000| Untracked 
| 102|0x0000000086600000, 0x0000000086600000, 0x0000000086700000|  0%| F|  |TAMS 0x0000000086600000, 0x0000000086600000| Untracked 
| 103|0x0000000086700000, 0x0000000086700000, 0x0000000086800000|  0%| F|  |TAMS 0x0000000086700000, 0x0000000086700000| Untracked 
| 104|0x0000000086800000, 0x0000000086800000, 0x0000000086900000|  0%| F|  |TAMS 0x0000000086800000, 0x0000000086800000| Untracked 
| 105|0x0000000086900000, 0x0000000086900000, 0x0000000086a00000|  0%| F|  |TAMS 0x0000000086900000, 0x0000000086900000| Untracked 
| 106|0x0000000086a00000, 0x0000000086a00000, 0x0000000086b00000|  0%| F|  |TAMS 0x0000000086a00000, 0x0000000086a00000| Untracked 
| 107|0x0000000086b00000, 0x0000000086b00000, 0x0000000086c00000|  0%| F|  |TAMS 0x0000000086b00000, 0x0000000086b00000| Untracked 
| 108|0x0000000086c00000, 0x0000000086c00000, 0x0000000086d00000|  0%| F|  |TAMS 0x0000000086c00000, 0x0000000086c00000| Untracked 
| 109|0x0000000086d00000, 0x0000000086d00000, 0x0000000086e00000|  0%| F|  |TAMS 0x0000000086d00000, 0x0000000086d00000| Untracked 
| 110|0x0000000086e00000, 0x0000000086e00000, 0x0000000086f00000|  0%| F|  |TAMS 0x0000000086e00000, 0x0000000086e00000| Untracked 
| 111|0x0000000086f00000, 0x0000000086f00000, 0x0000000087000000|  0%| F|  |TAMS 0x0000000086f00000, 0x0000000086f00000| Untracked 
| 112|0x0000000087000000, 0x0000000087000000, 0x0000000087100000|  0%| F|  |TAMS 0x0000000087000000, 0x0000000087000000| Untracked 
| 113|0x0000000087100000, 0x0000000087100000, 0x0000000087200000|  0%| F|  |TAMS 0x0000000087100000, 0x0000000087100000| Untracked 
| 114|0x0000000087200000, 0x0000000087200000, 0x0000000087300000|  0%| F|  |TAMS 0x0000000087200000, 0x0000000087200000| Untracked 
| 115|0x0000000087300000, 0x0000000087300000, 0x0000000087400000|  0%| F|  |TAMS 0x0000000087300000, 0x0000000087300000| Untracked 
| 116|0x0000000087400000, 0x0000000087400000, 0x0000000087500000|  0%| F|  |TAMS 0x0000000087400000, 0x0000000087400000| Untracked 
| 117|0x0000000087500000, 0x0000000087500000, 0x0000000087600000|  0%| F|  |TAMS 0x0000000087500000, 0x0000000087500000| Untracked 
| 118|0x0000000087600000, 0x0000000087600000, 0x0000000087700000|  0%| F|  |TAMS 0x0000000087600000, 0x0000000087600000| Untracked 
| 119|0x0000000087700000, 0x0000000087700000, 0x0000000087800000|  0%| F|  |TAMS 0x0000000087700000, 0x0000000087700000| Untracked 
| 120|0x0000000087800000, 0x0000000087800000, 0x0000000087900000|  0%| F|  |TAMS 0x0000000087800000, 0x0000000087800000| Untracked 
| 121|0x0000000087900000, 0x0000000087900000, 0x0000000087a00000|  0%| F|  |TAMS 0x0000000087900000, 0x0000000087900000| Untracked 
| 122|0x0000000087a00000, 0x0000000087a00000, 0x0000000087b00000|  0%| F|  |TAMS 0x0000000087a00000, 0x0000000087a00000| Untracked 
| 123|0x0000000087b00000, 0x0000000087b00000, 0x0000000087c00000|  0%| F|  |TAMS 0x0000000087b00000, 0x0000000087b00000| Untracked 
| 124|0x0000000087c00000, 0x0000000087c00000, 0x0000000087d00000|  0%| F|  |TAMS 0x0000000087c00000, 0x0000000087c00000| Untracked 
| 125|0x0000000087d00000, 0x0000000087d00000, 0x0000000087e00000|  0%| F|  |TAMS 0x0000000087d00000, 0x0000000087d00000| Untracked 
| 126|0x0000000087e00000, 0x0000000087e00000, 0x0000000087f00000|  0%| F|  |TAMS 0x0000000087e00000, 0x0000000087e00000| Untracked 
| 127|0x0000000087f00000, 0x0000000087f00000, 0x0000000088000000|  0%| F|  |TAMS 0x0000000087f00000, 0x0000000087f00000| Untracked 
| 128|0x0000000088000000, 0x0000000088000000, 0x0000000088100000|  0%| F|  |TAMS 0x0000000088000000, 0x0000000088000000| Untracked 
| 129|0x0000000088100000, 0x0000000088100000, 0x0000000088200000|  0%| F|  |TAMS 0x0000000088100000, 0x0000000088100000| Untracked 
| 130|0x0000000088200000, 0x0000000088200000, 0x0000000088300000|  0%| F|  |TAMS 0x0000000088200000, 0x0000000088200000| Untracked 
| 131|0x0000000088300000, 0x0000000088300000, 0x0000000088400000|  0%| F|  |TAMS 0x0000000088300000, 0x0000000088300000| Untracked 
| 132|0x0000000088400000, 0x0000000088400000, 0x0000000088500000|  0%| F|  |TAMS 0x0000000088400000, 0x0000000088400000| Untracked 
| 133|0x0000000088500000, 0x0000000088500000, 0x0000000088600000|  0%| F|  |TAMS 0x0000000088500000, 0x0000000088500000| Untracked 
| 134|0x0000000088600000, 0x0000000088600000, 0x0000000088700000|  0%| F|  |TAMS 0x0000000088600000, 0x0000000088600000| Untracked 
| 135|0x0000000088700000, 0x0000000088700000, 0x0000000088800000|  0%| F|  |TAMS 0x0000000088700000, 0x0000000088700000| Untracked 
| 136|0x0000000088800000, 0x0000000088800000, 0x0000000088900000|  0%| F|  |TAMS 0x0000000088800000, 0x0000000088800000| Untracked 
| 137|0x0000000088900000, 0x0000000088900000, 0x0000000088a00000|  0%| F|  |TAMS 0x0000000088900000, 0x0000000088900000| Untracked 
| 138|0x0000000088a00000, 0x0000000088a00000, 0x0000000088b00000|  0%| F|  |TAMS 0x0000000088a00000, 0x0000000088a00000| Untracked 
| 139|0x0000000088b00000, 0x0000000088b00000, 0x0000000088c00000|  0%| F|  |TAMS 0x0000000088b00000, 0x0000000088b00000| Untracked 
| 140|0x0000000088c00000, 0x0000000088c00000, 0x0000000088d00000|  0%| F|  |TAMS 0x0000000088c00000, 0x0000000088c00000| Untracked 
| 141|0x0000000088d00000, 0x0000000088d00000, 0x0000000088e00000|  0%| F|  |TAMS 0x0000000088d00000, 0x0000000088d00000| Untracked 
| 142|0x0000000088e00000, 0x0000000088e00000, 0x0000000088f00000|  0%| F|  |TAMS 0x0000000088e00000, 0x0000000088e00000| Untracked 
| 143|0x0000000088f00000, 0x0000000088f00000, 0x0000000089000000|  0%| F|  |TAMS 0x0000000088f00000, 0x0000000088f00000| Untracked 
| 144|0x0000000089000000, 0x0000000089000000, 0x0000000089100000|  0%| F|  |TAMS 0x0000000089000000, 0x0000000089000000| Untracked 
| 145|0x0000000089100000, 0x0000000089100000, 0x0000000089200000|  0%| F|  |TAMS 0x0000000089100000, 0x0000000089100000| Untracked 
| 146|0x0000000089200000, 0x0000000089200000, 0x0000000089300000|  0%| F|  |TAMS 0x0000000089200000, 0x0000000089200000| Untracked 
| 147|0x0000000089300000, 0x0000000089300000, 0x0000000089400000|  0%| F|  |TAMS 0x0000000089300000, 0x0000000089300000| Untracked 
| 148|0x0000000089400000, 0x0000000089400000, 0x0000000089500000|  0%| F|  |TAMS 0x0000000089400000, 0x0000000089400000| Untracked 
| 149|0x0000000089500000, 0x0000000089500000, 0x0000000089600000|  0%| F|  |TAMS 0x0000000089500000, 0x0000000089500000| Untracked 
| 150|0x0000000089600000, 0x0000000089600000, 0x0000000089700000|  0%| F|  |TAMS 0x0000000089600000, 0x0000000089600000| Untracked 
| 151|0x0000000089700000, 0x0000000089700000, 0x0000000089800000|  0%| F|  |TAMS 0x0000000089700000, 0x0000000089700000| Untracked 
| 152|0x0000000089800000, 0x0000000089800000, 0x0000000089900000|  0%| F|  |TAMS 0x0000000089800000, 0x0000000089800000| Untracked 
| 153|0x0000000089900000, 0x0000000089900000, 0x0000000089a00000|  0%| F|  |TAMS 0x0000000089900000, 0x0000000089900000| Untracked 
| 154|0x0000000089a00000, 0x0000000089a00000, 0x0000000089b00000|  0%| F|  |TAMS 0x0000000089a00000, 0x0000000089a00000| Untracked 
| 155|0x0000000089b00000, 0x0000000089b00000, 0x0000000089c00000|  0%| F|  |TAMS 0x0000000089b00000, 0x0000000089b00000| Untracked 
| 156|0x0000000089c00000, 0x0000000089c00000, 0x0000000089d00000|  0%| F|  |TAMS 0x0000000089c00000, 0x0000000089c00000| Untracked 
| 157|0x0000000089d00000, 0x0000000089d00000, 0x0000000089e00000|  0%| F|  |TAMS 0x0000000089d00000, 0x0000000089d00000| Untracked 
| 158|0x0000000089e00000, 0x0000000089e00000, 0x0000000089f00000|  0%| F|  |TAMS 0x0000000089e00000, 0x0000000089e00000| Untracked 
| 159|0x0000000089f00000, 0x0000000089f00000, 0x000000008a000000|  0%| F|  |TAMS 0x0000000089f00000, 0x0000000089f00000| Untracked 
| 160|0x000000008a000000, 0x000000008a000000, 0x000000008a100000|  0%| F|  |TAMS 0x000000008a000000, 0x000000008a000000| Untracked 
| 161|0x000000008a100000, 0x000000008a100000, 0x000000008a200000|  0%| F|  |TAMS 0x000000008a100000, 0x000000008a100000| Untracked 
| 162|0x000000008a200000, 0x000000008a200000, 0x000000008a300000|  0%| F|  |TAMS 0x000000008a200000, 0x000000008a200000| Untracked 
| 163|0x000000008a300000, 0x000000008a300000, 0x000000008a400000|  0%| F|  |TAMS 0x000000008a300000, 0x000000008a300000| Untracked 
| 164|0x000000008a400000, 0x000000008a4a3040, 0x000000008a500000| 63%| E|  |TAMS 0x000000008a400000, 0x000000008a400000| Complete 
| 165|0x000000008a500000, 0x000000008a600000, 0x000000008a600000|100%| E|CS|TAMS 0x000000008a500000, 0x000000008a500000| Complete 
| 166|0x000000008a600000, 0x000000008a700000, 0x000000008a700000|100%| E|CS|TAMS 0x000000008a600000, 0x000000008a600000| Complete 
| 167|0x000000008a700000, 0x000000008a800000, 0x000000008a800000|100%| E|CS|TAMS 0x000000008a700000, 0x000000008a700000| Complete 
| 168|0x000000008a800000, 0x000000008a900000, 0x000000008a900000|100%| E|CS|TAMS 0x000000008a800000, 0x000000008a800000| Complete 
| 169|0x000000008a900000, 0x000000008aa00000, 0x000000008aa00000|100%| E|CS|TAMS 0x000000008a900000, 0x000000008a900000| Complete 
| 170|0x000000008aa00000, 0x000000008ab00000, 0x000000008ab00000|100%| E|CS|TAMS 0x000000008aa00000, 0x000000008aa00000| Complete 
| 171|0x000000008ab00000, 0x000000008ac00000, 0x000000008ac00000|100%| E|CS|TAMS 0x000000008ab00000, 0x000000008ab00000| Complete 
| 172|0x000000008ac00000, 0x000000008ad00000, 0x000000008ad00000|100%| E|CS|TAMS 0x000000008ac00000, 0x000000008ac00000| Complete 
| 173|0x000000008ad00000, 0x000000008ae00000, 0x000000008ae00000|100%| E|CS|TAMS 0x000000008ad00000, 0x000000008ad00000| Complete 
| 174|0x000000008ae00000, 0x000000008af00000, 0x000000008af00000|100%| E|CS|TAMS 0x000000008ae00000, 0x000000008ae00000| Complete 
| 175|0x000000008af00000, 0x000000008b000000, 0x000000008b000000|100%| E|CS|TAMS 0x000000008af00000, 0x000000008af00000| Complete 
| 176|0x000000008b000000, 0x000000008b100000, 0x000000008b100000|100%| E|CS|TAMS 0x000000008b000000, 0x000000008b000000| Complete 
| 177|0x000000008b100000, 0x000000008b200000, 0x000000008b200000|100%| E|CS|TAMS 0x000000008b100000, 0x000000008b100000| Complete 
| 178|0x000000008b200000, 0x000000008b300000, 0x000000008b300000|100%| E|CS|TAMS 0x000000008b200000, 0x000000008b200000| Complete 
| 179|0x000000008b300000, 0x000000008b400000, 0x000000008b400000|100%| E|CS|TAMS 0x000000008b300000, 0x000000008b300000| Complete 
| 180|0x000000008b400000, 0x000000008b500000, 0x000000008b500000|100%| E|CS|TAMS 0x000000008b400000, 0x000000008b400000| Complete 
| 181|0x000000008b500000, 0x000000008b600000, 0x000000008b600000|100%| E|CS|TAMS 0x000000008b500000, 0x000000008b500000| Complete 
| 182|0x000000008b600000, 0x000000008b700000, 0x000000008b700000|100%| E|CS|TAMS 0x000000008b600000, 0x000000008b600000| Complete 
| 183|0x000000008b700000, 0x000000008b800000, 0x000000008b800000|100%| E|CS|TAMS 0x000000008b700000, 0x000000008b700000| Complete 
| 184|0x000000008b800000, 0x000000008b900000, 0x000000008b900000|100%| E|CS|TAMS 0x000000008b800000, 0x000000008b800000| Complete 
| 185|0x000000008b900000, 0x000000008ba00000, 0x000000008ba00000|100%| E|CS|TAMS 0x000000008b900000, 0x000000008b900000| Complete 
| 186|0x000000008ba00000, 0x000000008bb00000, 0x000000008bb00000|100%| E|CS|TAMS 0x000000008ba00000, 0x000000008ba00000| Complete 
| 187|0x000000008bb00000, 0x000000008bc00000, 0x000000008bc00000|100%| E|CS|TAMS 0x000000008bb00000, 0x000000008bb00000| Complete 
| 188|0x000000008bc00000, 0x000000008bd00000, 0x000000008bd00000|100%| E|CS|TAMS 0x000000008bc00000, 0x000000008bc00000| Complete 
| 189|0x000000008bd00000, 0x000000008be00000, 0x000000008be00000|100%| E|CS|TAMS 0x000000008bd00000, 0x000000008bd00000| Complete 
| 190|0x000000008be00000, 0x000000008bf00000, 0x000000008bf00000|100%| E|CS|TAMS 0x000000008be00000, 0x000000008be00000| Complete 
| 191|0x000000008bf00000, 0x000000008c000000, 0x000000008c000000|100%| E|CS|TAMS 0x000000008bf00000, 0x000000008bf00000| Complete 
| 192|0x000000008c000000, 0x000000008c100000, 0x000000008c100000|100%| E|CS|TAMS 0x000000008c000000, 0x000000008c000000| Complete 
| 193|0x000000008c100000, 0x000000008c200000, 0x000000008c200000|100%| E|CS|TAMS 0x000000008c100000, 0x000000008c100000| Complete 
| 194|0x000000008c200000, 0x000000008c300000, 0x000000008c300000|100%| E|CS|TAMS 0x000000008c200000, 0x000000008c200000| Complete 
| 195|0x000000008c300000, 0x000000008c400000, 0x000000008c400000|100%| E|CS|TAMS 0x000000008c300000, 0x000000008c300000| Complete 
| 196|0x000000008c400000, 0x000000008c500000, 0x000000008c500000|100%| E|CS|TAMS 0x000000008c400000, 0x000000008c400000| Complete 
| 197|0x000000008c500000, 0x000000008c600000, 0x000000008c600000|100%| E|CS|TAMS 0x000000008c500000, 0x000000008c500000| Complete 
| 198|0x000000008c600000, 0x000000008c700000, 0x000000008c700000|100%| E|CS|TAMS 0x000000008c600000, 0x000000008c600000| Complete 
| 199|0x000000008c700000, 0x000000008c800000, 0x000000008c800000|100%| E|CS|TAMS 0x000000008c700000, 0x000000008c700000| Complete 
| 200|0x000000008c800000, 0x000000008c900000, 0x000000008c900000|100%| E|CS|TAMS 0x000000008c800000, 0x000000008c800000| Complete 
| 201|0x000000008c900000, 0x000000008ca00000, 0x000000008ca00000|100%| E|CS|TAMS 0x000000008c900000, 0x000000008c900000| Complete 
| 202|0x000000008ca00000, 0x000000008cb00000, 0x000000008cb00000|100%| E|CS|TAMS 0x000000008ca00000, 0x000000008ca00000| Complete 
| 203|0x000000008cb00000, 0x000000008cc00000, 0x000000008cc00000|100%| E|CS|TAMS 0x000000008cb00000, 0x000000008cb00000| Complete 
| 204|0x000000008cc00000, 0x000000008cc443c8, 0x000000008cd00000| 26%| S|CS|TAMS 0x000000008cc00000, 0x000000008cc00000| Complete 
| 205|0x000000008cd00000, 0x000000008ce00000, 0x000000008ce00000|100%| S|CS|TAMS 0x000000008cd00000, 0x000000008cd00000| Complete 
| 206|0x000000008ce00000, 0x000000008cf00000, 0x000000008cf00000|100%| S|CS|TAMS 0x000000008ce00000, 0x000000008ce00000| Complete 
| 207|0x000000008cf00000, 0x000000008d000000, 0x000000008d000000|100%| S|CS|TAMS 0x000000008cf00000, 0x000000008cf00000| Complete 
| 208|0x000000008d000000, 0x000000008d100000, 0x000000008d100000|100%| S|CS|TAMS 0x000000008d000000, 0x000000008d000000| Complete 
| 209|0x000000008d100000, 0x000000008d200000, 0x000000008d200000|100%| S|CS|TAMS 0x000000008d100000, 0x000000008d100000| Complete 
| 210|0x000000008d200000, 0x000000008d300000, 0x000000008d300000|100%| S|CS|TAMS 0x000000008d200000, 0x000000008d200000| Complete 
| 211|0x000000008d300000, 0x000000008d400000, 0x000000008d400000|100%| E|CS|TAMS 0x000000008d300000, 0x000000008d300000| Complete 
| 212|0x000000008d400000, 0x000000008d500000, 0x000000008d500000|100%| E|CS|TAMS 0x000000008d400000, 0x000000008d400000| Complete 
| 213|0x000000008d500000, 0x000000008d600000, 0x000000008d600000|100%| E|CS|TAMS 0x000000008d500000, 0x000000008d500000| Complete 
| 214|0x000000008d600000, 0x000000008d700000, 0x000000008d700000|100%| E|CS|TAMS 0x000000008d600000, 0x000000008d600000| Complete 
| 215|0x000000008d700000, 0x000000008d800000, 0x000000008d800000|100%| E|CS|TAMS 0x000000008d700000, 0x000000008d700000| Complete 
| 216|0x000000008d800000, 0x000000008d900000, 0x000000008d900000|100%| E|CS|TAMS 0x000000008d800000, 0x000000008d800000| Complete 
| 217|0x000000008d900000, 0x000000008da00000, 0x000000008da00000|100%| E|CS|TAMS 0x000000008d900000, 0x000000008d900000| Complete 
| 218|0x000000008da00000, 0x000000008db00000, 0x000000008db00000|100%| E|CS|TAMS 0x000000008da00000, 0x000000008da00000| Complete 
| 219|0x000000008db00000, 0x000000008dc00000, 0x000000008dc00000|100%| E|CS|TAMS 0x000000008db00000, 0x000000008db00000| Complete 
| 220|0x000000008dc00000, 0x000000008dd00000, 0x000000008dd00000|100%| E|CS|TAMS 0x000000008dc00000, 0x000000008dc00000| Complete 
| 221|0x000000008dd00000, 0x000000008de00000, 0x000000008de00000|100%| E|CS|TAMS 0x000000008dd00000, 0x000000008dd00000| Complete 
| 222|0x000000008de00000, 0x000000008df00000, 0x000000008df00000|100%| E|CS|TAMS 0x000000008de00000, 0x000000008de00000| Complete 
| 223|0x000000008df00000, 0x000000008e000000, 0x000000008e000000|100%| E|CS|TAMS 0x000000008df00000, 0x000000008df00000| Complete 
| 224|0x000000008e000000, 0x000000008e100000, 0x000000008e100000|100%| E|CS|TAMS 0x000000008e000000, 0x000000008e000000| Complete 
| 225|0x000000008e100000, 0x000000008e200000, 0x000000008e200000|100%| E|CS|TAMS 0x000000008e100000, 0x000000008e100000| Complete 
| 226|0x000000008e200000, 0x000000008e300000, 0x000000008e300000|100%| E|CS|TAMS 0x000000008e200000, 0x000000008e200000| Complete 
| 227|0x000000008e300000, 0x000000008e400000, 0x000000008e400000|100%| E|CS|TAMS 0x000000008e300000, 0x000000008e300000| Complete 
| 228|0x000000008e400000, 0x000000008e500000, 0x000000008e500000|100%| E|CS|TAMS 0x000000008e400000, 0x000000008e400000| Complete 
| 229|0x000000008e500000, 0x000000008e600000, 0x000000008e600000|100%| E|CS|TAMS 0x000000008e500000, 0x000000008e500000| Complete 
| 230|0x000000008e600000, 0x000000008e700000, 0x000000008e700000|100%| E|CS|TAMS 0x000000008e600000, 0x000000008e600000| Complete 
| 231|0x000000008e700000, 0x000000008e800000, 0x000000008e800000|100%| E|CS|TAMS 0x000000008e700000, 0x000000008e700000| Complete 
| 232|0x000000008e800000, 0x000000008e900000, 0x000000008e900000|100%| E|CS|TAMS 0x000000008e800000, 0x000000008e800000| Complete 
| 233|0x000000008e900000, 0x000000008ea00000, 0x000000008ea00000|100%| E|CS|TAMS 0x000000008e900000, 0x000000008e900000| Complete 
| 234|0x000000008ea00000, 0x000000008eb00000, 0x000000008eb00000|100%| E|CS|TAMS 0x000000008ea00000, 0x000000008ea00000| Complete 
| 235|0x000000008eb00000, 0x000000008ec00000, 0x000000008ec00000|100%| E|CS|TAMS 0x000000008eb00000, 0x000000008eb00000| Complete 
| 236|0x000000008ec00000, 0x000000008ed00000, 0x000000008ed00000|100%| E|CS|TAMS 0x000000008ec00000, 0x000000008ec00000| Complete 
| 237|0x000000008ed00000, 0x000000008ee00000, 0x000000008ee00000|100%| E|CS|TAMS 0x000000008ed00000, 0x000000008ed00000| Complete 
| 238|0x000000008ee00000, 0x000000008ef00000, 0x000000008ef00000|100%| E|CS|TAMS 0x000000008ee00000, 0x000000008ee00000| Complete 
| 239|0x000000008ef00000, 0x000000008f000000, 0x000000008f000000|100%| E|CS|TAMS 0x000000008ef00000, 0x000000008ef00000| Complete 
| 240|0x000000008f000000, 0x000000008f100000, 0x000000008f100000|100%| E|CS|TAMS 0x000000008f000000, 0x000000008f000000| Complete 
| 241|0x000000008f100000, 0x000000008f200000, 0x000000008f200000|100%| E|CS|TAMS 0x000000008f100000, 0x000000008f100000| Complete 
| 242|0x000000008f200000, 0x000000008f300000, 0x000000008f300000|100%| E|CS|TAMS 0x000000008f200000, 0x000000008f200000| Complete 
| 243|0x000000008f300000, 0x000000008f400000, 0x000000008f400000|100%| E|CS|TAMS 0x000000008f300000, 0x000000008f300000| Complete 
| 244|0x000000008f400000, 0x000000008f500000, 0x000000008f500000|100%| E|CS|TAMS 0x000000008f400000, 0x000000008f400000| Complete 
| 245|0x000000008f500000, 0x000000008f600000, 0x000000008f600000|100%| E|CS|TAMS 0x000000008f500000, 0x000000008f500000| Complete 
| 246|0x000000008f600000, 0x000000008f700000, 0x000000008f700000|100%| E|  |TAMS 0x000000008f600000, 0x000000008f600000| Complete 
| 247|0x000000008f700000, 0x000000008f800000, 0x000000008f800000|100%| E|CS|TAMS 0x000000008f700000, 0x000000008f700000| Complete 

Card table byte_map: [0x0000015efc690000,0x0000015efca90000] _byte_map_base: 0x0000015efc290000

Marking Bits (Prev, Next): (CMBitMap*) 0x0000015efb969660, (CMBitMap*) 0x0000015efb969628
 Prev Bits: [0x0000015e97240000, 0x0000015e99240000)
 Next Bits: [0x0000015efce90000, 0x0000015efee90000)

Polling page: 0x0000015efb0b0000

Metaspace:

Usage:
  Non-class:     36.39 MB capacity,    35.69 MB ( 98%) used,   604.70 KB (  2%) free+waste,   108.31 KB ( <1%) overhead. 
      Class:      5.62 MB capacity,     5.18 MB ( 92%) used,   403.20 KB (  7%) free+waste,    52.69 KB ( <1%) overhead. 
       Both:     42.01 MB capacity,    40.87 MB ( 97%) used,  1007.89 KB (  2%) free+waste,   161.00 KB ( <1%) overhead. 

Virtual space:
  Non-class space:       38.00 MB reserved,      36.42 MB ( 96%) committed 
      Class space:      504.00 MB reserved,       5.70 MB (  1%) committed 
             Both:      542.00 MB reserved,      42.12 MB (  8%) committed 

Chunk freelists:
   Non-Class:  4.25 KB
       Class:  384 bytes
        Both:  4.63 KB

CodeHeap 'non-profiled nmethods': size=119168Kb used=1977Kb max_used=2429Kb free=117191Kb
 bounds [0x0000015e8fde0000, 0x0000015e90050000, 0x0000015e97240000]
CodeHeap 'profiled nmethods': size=119168Kb used=8137Kb max_used=8751Kb free=111031Kb
 bounds [0x0000015e88980000, 0x0000015e89220000, 0x0000015e8fde0000]
CodeHeap 'non-nmethods': size=7424Kb used=2205Kb max_used=3332Kb free=5218Kb
 bounds [0x0000015e88240000, 0x0000015e88590000, 0x0000015e88980000]
 total_blobs=6302 nmethods=3837 adapters=679
 compilation: enabled
              stopped_count=0, restarted_count=0
 full_count=0

Compilation events (10 events):
Event: 217.694 Thread 0x0000015e9ba96000 4428       3       java.lang.ThreadLocal$ThreadLocalMap::remove (68 bytes)
Event: 217.695 Thread 0x0000015e9ba96000 nmethod 4428 0x0000015e88a42c90 code [0x0000015e88a42e80, 0x0000015e88a433f0]
Event: 217.695 Thread 0x0000015e9ba96000 4427       3       java.lang.ThreadLocal::remove (18 bytes)
Event: 217.696 Thread 0x0000015e9ba96000 nmethod 4427 0x0000015e88a0a510 code [0x0000015e88a0a6e0, 0x0000015e88a0a9a0]
Event: 218.288 Thread 0x0000015e9ba93000 4430       4       groovy.lang.MetaClassImpl$1MOPIter::methodNameAction (325 bytes)
Event: 220.347 Thread 0x0000015e9ba96000 4433       3       sun.reflect.generics.parser.SignatureParser::parseFormalParameters (47 bytes)
Event: 220.349 Thread 0x0000015e9ba96000 nmethod 4433 0x0000015e88a25490 code [0x0000015e88a256a0, 0x0000015e88a25a30]
Event: 220.349 Thread 0x0000015e9ba96000 4434       3       sun.reflect.generics.parser.SignatureParser::parseZeroOrMoreTypeSignatures (174 bytes)
Event: 220.353 Thread 0x0000015e9ba96000 nmethod 4434 0x0000015e88aaa010 code [0x0000015e88aaa2a0, 0x0000015e88aab1b0]
Event: 220.353 Thread 0x0000015e9ba96000 4440       3       com.sun.beans.TypeResolver::resolveInClass (9 bytes)

GC Heap History (10 events):
Event: 5.055 GC heap before
{Heap before GC invocations=0 (full 0):
 garbage-first heap   total 253952K, used 27648K [0x0000000080000000, 0x0000000100000000)
  region size 1024K, 24 young (24576K), 0 survivors (0K)
 Metaspace       used 9712K, capacity 9896K, committed 10112K, reserved 526336K
  class space    used 1003K, capacity 1069K, committed 1152K, reserved 516096K
}
Event: 5.194 GC heap after
{Heap after GC invocations=1 (full 0):
 garbage-first heap   total 253952K, used 10411K [0x0000000080000000, 0x0000000100000000)
  region size 1024K, 3 young (3072K), 3 survivors (3072K)
 Metaspace       used 9712K, capacity 9896K, committed 10112K, reserved 526336K
  class space    used 1003K, capacity 1069K, committed 1152K, reserved 516096K
}
Event: 23.317 GC heap before
{Heap before GC invocations=1 (full 0):
 garbage-first heap   total 253952K, used 112811K [0x0000000080000000, 0x0000000100000000)
  region size 1024K, 104 young (106496K), 3 survivors (3072K)
 Metaspace       used 20861K, capacity 21228K, committed 21296K, reserved 536576K
  class space    used 2517K, capacity 2684K, committed 2688K, reserved 516096K
}
Event: 23.803 GC heap after
{Heap after GC invocations=2 (full 0):
 garbage-first heap   total 253952K, used 18133K [0x0000000080000000, 0x0000000100000000)
  region size 1024K, 11 young (11264K), 11 survivors (11264K)
 Metaspace       used 20861K, capacity 21228K, committed 21296K, reserved 536576K
  class space    used 2517K, capacity 2684K, committed 2688K, reserved 516096K
}
Event: 25.138 GC heap before
{Heap before GC invocations=3 (full 0):
 garbage-first heap   total 253952K, used 29397K [0x0000000080000000, 0x0000000100000000)
  region size 1024K, 22 young (22528K), 11 survivors (11264K)
 Metaspace       used 21941K, capacity 22375K, committed 22576K, reserved 536576K
  class space    used 2685K, capacity 2853K, committed 2944K, reserved 516096K
}
Event: 25.147 GC heap after
{Heap after GC invocations=4 (full 0):
 garbage-first heap   total 253952K, used 18976K [0x0000000080000000, 0x0000000100000000)
  region size 1024K, 1 young (1024K), 1 survivors (1024K)
 Metaspace       used 21941K, capacity 22375K, committed 22576K, reserved 536576K
  class space    used 2685K, capacity 2853K, committed 2944K, reserved 516096K
}
Event: 33.699 GC heap before
{Heap before GC invocations=5 (full 0):
 garbage-first heap   total 253952K, used 101920K [0x0000000080000000, 0x0000000100000000)
  region size 1024K, 82 young (83968K), 1 survivors (1024K)
 Metaspace       used 29690K, capacity 30371K, committed 30512K, reserved 542720K
  class space    used 3916K, capacity 4207K, committed 4224K, reserved 516096K
}
Event: 33.702 GC heap after
{Heap after GC invocations=6 (full 0):
 garbage-first heap   total 253952K, used 21584K [0x0000000080000000, 0x0000000100000000)
  region size 1024K, 4 young (4096K), 4 survivors (4096K)
 Metaspace       used 29690K, capacity 30371K, committed 30512K, reserved 542720K
  class space    used 3916K, capacity 4207K, committed 4224K, reserved 516096K
}
Event: 36.100 GC heap before
{Heap before GC invocations=6 (full 0):
 garbage-first heap   total 253952K, used 58448K [0x0000000080000000, 0x0000000100000000)
  region size 1024K, 41 young (41984K), 4 survivors (4096K)
 Metaspace       used 36667K, capacity 37551K, committed 37628K, reserved 548864K
  class space    used 4742K, capacity 5133K, committed 5196K, reserved 516096K
}
Event: 36.111 GC heap after
{Heap after GC invocations=7 (full 0):
 garbage-first heap   total 253952K, used 24642K [0x0000000080000000, 0x0000000100000000)
  region size 1024K, 7 young (7168K), 7 survivors (7168K)
 Metaspace       used 36667K, capacity 37551K, committed 37628K, reserved 548864K
  class space    used 4742K, capacity 5133K, committed 5196K, reserved 516096K
}

Deoptimization events (10 events):
Event: 50.023 Thread 0x0000015e9d222000 Uncommon trap: reason=class_check action=maybe_recompile pc=0x0000015e8ffd2aa8 method=java.io.BufferedInputStream.read1([BII)I @ 39 c2
Event: 99.460 Thread 0x0000015e9d222000 Uncommon trap: reason=class_check action=maybe_recompile pc=0x0000015e8ffd2aa8 method=java.io.BufferedInputStream.read1([BII)I @ 39 c2
Event: 113.597 Thread 0x0000015e9d222000 Uncommon trap: reason=class_check action=maybe_recompile pc=0x0000015e8ff8acfc method=java.util.regex.Pattern$Start.match(Ljava/util/regex/Matcher;ILjava/lang/CharSequence;)Z @ 44 c2
Event: 113.599 Thread 0x0000015e9d222000 Uncommon trap: reason=class_check action=maybe_recompile pc=0x0000015e8ff7a940 method=java.util.regex.Pattern$Start.match(Ljava/util/regex/Matcher;ILjava/lang/CharSequence;)Z @ 44 c2
Event: 113.601 Thread 0x0000015e9d222000 Uncommon trap: reason=class_check action=maybe_recompile pc=0x0000015e8ff7b4c4 method=java.util.regex.Pattern$Start.match(Ljava/util/regex/Matcher;ILjava/lang/CharSequence;)Z @ 44 c2
Event: 113.977 Thread 0x0000015e9d222000 Uncommon trap: reason=class_check action=maybe_recompile pc=0x0000015e8ffd2aa8 method=java.io.BufferedInputStream.read1([BII)I @ 39 c2
Event: 173.310 Thread 0x0000015e9d222000 Uncommon trap: reason=class_check action=maybe_recompile pc=0x0000015e8ffd2aa8 method=java.io.BufferedInputStream.read1([BII)I @ 39 c2
Event: 173.322 Thread 0x0000015e9d222000 Uncommon trap: reason=unstable_if action=reinterpret pc=0x0000015e8fe6c974 method=java.io.BufferedReader.readLine(Z)Ljava/lang/String; @ 192 c2
Event: 205.029 Thread 0x0000015e9d222000 Uncommon trap: reason=class_check action=maybe_recompile pc=0x0000015e90036844 method=java.util.regex.Matcher.search(I)Z @ 121 c2
Event: 210.376 Thread 0x0000015e9cfc7800 Uncommon trap: reason=unstable_if action=reinterpret pc=0x0000015e900358dc method=java.util.concurrent.locks.AbstractQueuedSynchronizer.acquireQueued(Ljava/util/concurrent/locks/AbstractQueuedSynchronizer$Node;I)Z @ 22 c2

Classes redefined (0 events):
No events

Internal exceptions (10 events):
Event: 187.668 Thread 0x0000015e9d222000 Exception <a 'java/lang/ClassNotFoundException'{0x000000008a966fc8}: groovy/json/JsonSlurperBeanInfo> (0x000000008a966fc8) thrown at [t:/workspace/open/src/hotspot/share/classfile/systemDictionary.cpp, line 231]
Event: 189.558 Thread 0x0000015e9d222000 Exception <a 'java/lang/ClassNotFoundException'{0x000000008a98c670}: groovy/json/JsonSlurperCustomizer> (0x000000008a98c670) thrown at [t:/workspace/open/src/hotspot/share/classfile/systemDictionary.cpp, line 231]
Event: 201.263 Thread 0x0000015e9d222000 Exception <a 'java/lang/ClassNotFoundException'{0x000000008a764058}: org/apache/groovy/json/internal/LazyMapBeanInfo> (0x000000008a764058) thrown at [t:/workspace/open/src/hotspot/share/classfile/systemDictionary.cpp, line 231]
Event: 201.469 Thread 0x0000015e9d222000 Exception <a 'java/lang/ClassNotFoundException'{0x000000008a793af0}: org/apache/groovy/json/internal/LazyMapCustomizer> (0x000000008a793af0) thrown at [t:/workspace/open/src/hotspot/share/classfile/systemDictionary.cpp, line 231]
Event: 208.865 Thread 0x0000015e9d222000 Exception <a 'java/lang/ClassNotFoundException'{0x000000008a6c3830}: groovy/text/SimpleTemplateEngineBeanInfo> (0x000000008a6c3830) thrown at [t:/workspace/open/src/hotspot/share/classfile/systemDictionary.cpp, line 231]
Event: 208.980 Thread 0x0000015e9d222000 Exception <a 'java/lang/ClassNotFoundException'{0x000000008a6e9748}: groovy/text/TemplateEngineBeanInfo> (0x000000008a6e9748) thrown at [t:/workspace/open/src/hotspot/share/classfile/systemDictionary.cpp, line 231]
Event: 210.823 Thread 0x0000015e9d222000 Exception <a 'java/lang/ClassNotFoundException'{0x000000008a533f28}: groovy/text/TemplateEngineCustomizer> (0x000000008a533f28) thrown at [t:/workspace/open/src/hotspot/share/classfile/systemDictionary.cpp, line 231]
Event: 211.564 Thread 0x0000015e9d222000 Exception <a 'java/lang/ClassNotFoundException'{0x000000008a561b88}: groovy/text/SimpleTemplateEngineCustomizer> (0x000000008a561b88) thrown at [t:/workspace/open/src/hotspot/share/classfile/systemDictionary.cpp, line 231]
Event: 220.020 Thread 0x0000015e9d222000 Exception <a 'java/lang/ClassNotFoundException'{0x000000008a409a38}: groovy/lang/GroovyShellBeanInfo> (0x000000008a409a38) thrown at [t:/workspace/open/src/hotspot/share/classfile/systemDictionary.cpp, line 231]
Event: 220.311 Thread 0x0000015e9d222000 Exception <a 'java/lang/ClassNotFoundException'{0x000000008a4409c0}: groovy/lang/GroovyShellCustomizer> (0x000000008a4409c0) thrown at [t:/workspace/open/src/hotspot/share/classfile/systemDictionary.cpp, line 231]

Events (10 events):
Event: 220.148 loading class groovy/lang/GroovyShellCustomizer
Event: 220.148 loading class groovy/lang/GroovyShellCustomizer done
Event: 220.223 loading class groovy/lang/GroovyShellCustomizer
Event: 220.223 loading class groovy/lang/GroovyShellCustomizer done
Event: 220.249 loading class groovy/lang/GroovyShellCustomizer
Event: 220.249 loading class groovy/lang/GroovyShellCustomizer done
Event: 220.296 loading class groovy/lang/GroovyShellCustomizer
Event: 220.296 loading class groovy/lang/GroovyShellCustomizer done
Event: 220.384 loading class org/codehaus/groovy/control/CompilerConfiguration
Event: 220.384 loading class org/codehaus/groovy/control/CompilerConfiguration done


Dynamic libraries:
0x00007ff7b77c0000 - 0x00007ff7b7805000 	C:\Users\asus\AppData\Local\jdk-11.0.2\bin\java.exe
0x00007ffb37df0000 - 0x00007ffb38007000 	C:\WINDOWS\SYSTEM32\ntdll.dll
0x00007ffb36650000 - 0x00007ffb36714000 	C:\WINDOWS\System32\KERNEL32.DLL
0x00007ffb357a0000 - 0x00007ffb35b46000 	C:\WINDOWS\System32\KERNELBASE.dll
0x00007ffb35c00000 - 0x00007ffb35dad000 	C:\WINDOWS\System32\USER32.dll
0x00007ffb353a0000 - 0x00007ffb353c6000 	C:\WINDOWS\System32\win32u.dll
0x00007ffb367a0000 - 0x00007ffb367c9000 	C:\WINDOWS\System32\GDI32.dll
0x00007ffb35570000 - 0x00007ffb35688000 	C:\WINDOWS\System32\gdi32full.dll
0x00007ffb35690000 - 0x00007ffb3572a000 	C:\WINDOWS\System32\msvcp_win.dll
0x00007ffb353d0000 - 0x00007ffb354e1000 	C:\WINDOWS\System32\ucrtbase.dll
0x00007ffb2d100000 - 0x00007ffb2d393000 	C:\WINDOWS\WinSxS\amd64_microsoft.windows.common-controls_6595b64144ccf1df_6.0.22621.2361_none_2712ced57382f843\COMCTL32.dll
0x00007ffb35b50000 - 0x00007ffb35bf7000 	C:\WINDOWS\System32\msvcrt.dll
0x00007ffb378e0000 - 0x00007ffb37911000 	C:\WINDOWS\System32\IMM32.DLL
0x00007ffb0bfa0000 - 0x00007ffb0bfb6000 	C:\Users\asus\AppData\Local\jdk-11.0.2\bin\vcruntime140.dll
0x00007ffafb890000 - 0x00007ffafb93a000 	C:\Users\asus\AppData\Local\jdk-11.0.2\bin\msvcp140.dll
0x00007ffab83d0000 - 0x00007ffab8ef3000 	C:\Users\asus\AppData\Local\jdk-11.0.2\bin\server\jvm.dll
0x00007ffb36b20000 - 0x00007ffb36bd0000 	C:\WINDOWS\System32\ADVAPI32.dll
0x00007ffb36f40000 - 0x00007ffb36fe6000 	C:\WINDOWS\System32\sechost.dll
0x00007ffb36970000 - 0x00007ffb36a87000 	C:\WINDOWS\System32\RPCRT4.dll
0x00007ffb36530000 - 0x00007ffb36538000 	C:\WINDOWS\System32\PSAPI.DLL
0x00007ffb0ce80000 - 0x00007ffb0ce89000 	C:\WINDOWS\SYSTEM32\WSOCK32.dll
0x00007ffb37850000 - 0x00007ffb378c1000 	C:\WINDOWS\System32\WS2_32.dll
0x00007ffb2d810000 - 0x00007ffb2d844000 	C:\WINDOWS\SYSTEM32\WINMM.dll
0x00007ffb2cb00000 - 0x00007ffb2cb0a000 	C:\WINDOWS\SYSTEM32\VERSION.dll
0x00007ffb34220000 - 0x00007ffb34238000 	C:\WINDOWS\SYSTEM32\kernel.appcore.dll
0x00007ffb0ba70000 - 0x00007ffb0ba81000 	C:\Users\asus\AppData\Local\jdk-11.0.2\bin\verify.dll
0x00007ffb2ae50000 - 0x00007ffb2b07e000 	C:\WINDOWS\SYSTEM32\DBGHELP.DLL
0x00007ffb37a20000 - 0x00007ffb37daa000 	C:\WINDOWS\System32\combase.dll
0x00007ffb35db0000 - 0x00007ffb35e87000 	C:\WINDOWS\System32\OLEAUT32.dll
0x00007ffb2b170000 - 0x00007ffb2b1a2000 	C:\WINDOWS\SYSTEM32\dbgcore.DLL
0x00007ffb354f0000 - 0x00007ffb3556a000 	C:\WINDOWS\System32\bcryptPrimitives.dll
0x00007ffb0a9a0000 - 0x00007ffb0a9c8000 	C:\Users\asus\AppData\Local\jdk-11.0.2\bin\java.dll
0x00007ffb0a8f0000 - 0x00007ffb0a906000 	C:\Users\asus\AppData\Local\jdk-11.0.2\bin\zip.dll
0x00007ffb2aa70000 - 0x00007ffb2aa7a000 	C:\Users\asus\AppData\Local\jdk-11.0.2\bin\jimage.dll
0x00007ffb36ff0000 - 0x00007ffb37848000 	C:\WINDOWS\System32\SHELL32.dll
0x00007ffb330d0000 - 0x00007ffb339c2000 	C:\WINDOWS\SYSTEM32\windows.storage.dll
0x00007ffb32f90000 - 0x00007ffb330ce000 	C:\WINDOWS\SYSTEM32\wintypes.dll
0x00007ffb36540000 - 0x00007ffb36633000 	C:\WINDOWS\System32\SHCORE.dll
0x00007ffb37920000 - 0x00007ffb3797e000 	C:\WINDOWS\System32\shlwapi.dll
0x00007ffb350a0000 - 0x00007ffb350c6000 	C:\WINDOWS\SYSTEM32\profapi.dll
0x00007ffb09930000 - 0x00007ffb09949000 	C:\Users\asus\AppData\Local\jdk-11.0.2\bin\net.dll
0x00007ffb204e0000 - 0x00007ffb206d0000 	C:\WINDOWS\SYSTEM32\urlmon.dll
0x00007ffb2f330000 - 0x00007ffb2f467000 	C:\WINDOWS\SYSTEM32\WINHTTP.dll
0x00007ffb20220000 - 0x00007ffb204dc000 	C:\WINDOWS\SYSTEM32\iertutil.dll
0x00007ffb201f0000 - 0x00007ffb20219000 	C:\WINDOWS\SYSTEM32\srvcli.dll
0x00007ffb33dc0000 - 0x00007ffb33dcc000 	C:\WINDOWS\SYSTEM32\netutils.dll
0x00007ffb346b0000 - 0x00007ffb34719000 	C:\WINDOWS\system32\mswsock.dll
0x00007ffb09060000 - 0x00007ffb09073000 	C:\Users\asus\AppData\Local\jdk-11.0.2\bin\nio.dll
0x00007ffafbfd0000 - 0x00007ffafbff7000 	C:\Users\asus\.gradle\native\68d5fa5c4cc2d200863cafc0d521ce42e7d3e7ee720ec0a83991735586a16f82\windows-amd64\native-platform.dll
0x00007ffab5f80000 - 0x00007ffab60c4000 	C:\Users\asus\.gradle\native\e376f236ea51e6404a007f0833ffe2c6e607c4080706a723a18a27aeea778392\windows-amd64\native-platform-file-events.dll
0x00007ffb26e60000 - 0x00007ffb26e69000 	C:\Users\asus\AppData\Local\jdk-11.0.2\bin\management.dll
0x00007ffb26a20000 - 0x00007ffb26a2c000 	C:\Users\asus\AppData\Local\jdk-11.0.2\bin\management_ext.dll
0x00007ffb34970000 - 0x00007ffb3498b000 	C:\WINDOWS\SYSTEM32\CRYPTSP.dll
0x00007ffb34180000 - 0x00007ffb341b5000 	C:\WINDOWS\system32\rsaenh.dll
0x00007ffb34810000 - 0x00007ffb3483c000 	C:\WINDOWS\SYSTEM32\USERENV.dll
0x00007ffb34b10000 - 0x00007ffb34b38000 	C:\WINDOWS\SYSTEM32\bcrypt.dll
0x00007ffb34990000 - 0x00007ffb3499c000 	C:\WINDOWS\SYSTEM32\CRYPTBASE.dll
0x00007ffb33c90000 - 0x00007ffb33cbd000 	C:\WINDOWS\SYSTEM32\IPHLPAPI.DLL
0x00007ffb378d0000 - 0x00007ffb378d9000 	C:\WINDOWS\System32\NSI.dll
0x00007ffb2e430000 - 0x00007ffb2e449000 	C:\WINDOWS\SYSTEM32\dhcpcsvc6.DLL
0x00007ffb2e2a0000 - 0x00007ffb2e2bf000 	C:\WINDOWS\SYSTEM32\dhcpcsvc.DLL
0x00007ffb33cc0000 - 0x00007ffb33db9000 	C:\WINDOWS\SYSTEM32\DNSAPI.dll

dbghelp: loaded successfully - version: 4.0.5 - missing functions: none
symbol engine: initialized successfully - sym options: 0x614 - pdb path: .;C:\Users\asus\AppData\Local\jdk-11.0.2\bin;C:\WINDOWS\SYSTEM32;C:\WINDOWS\WinSxS\amd64_microsoft.windows.common-controls_6595b64144ccf1df_6.0.22621.2361_none_2712ced57382f843;C:\Users\asus\AppData\Local\jdk-11.0.2\bin\server;C:\Users\asus\.gradle\native\68d5fa5c4cc2d200863cafc0d521ce42e7d3e7ee720ec0a83991735586a16f82\windows-amd64;C:\Users\asus\.gradle\native\e376f236ea51e6404a007f0833ffe2c6e607c4080706a723a18a27aeea778392\windows-amd64

VM Arguments:
jvm_args: -XX:MaxMetaspaceSize=512m --add-opens=java.base/java.util=ALL-UNNAMED --add-opens=java.base/java.lang=ALL-UNNAMED --add-opens=java.base/java.lang.invoke=ALL-UNNAMED --add-opens=java.prefs/java.util.prefs=ALL-UNNAMED --add-opens=java.base/java.nio.charset=ALL-UNNAMED --add-opens=java.base/java.net=ALL-UNNAMED --add-opens=java.base/java.util.concurrent.atomic=ALL-UNNAMED -Xmx2048m -Dfile.encoding=x-windows-874 -Duser.country=US -Duser.language=en -Duser.variant 
java_command: org.gradle.launcher.daemon.bootstrap.GradleDaemon 8.0.1
java_class_path (initial): C:\Users\asus\.gradle\wrapper\dists\gradle-8.0.1-all\aro4hu1c3oeioove7l0i4i14o\gradle-8.0.1\lib\gradle-launcher-8.0.1.jar
Launcher Type: SUN_STANDARD

[Global flags]
     intx CICompilerCount                          = 12                                        {product} {ergonomic}
   size_t CompressedClassSpaceSize                 = 528482304                                 {product} {ergonomic}
     uint ConcGCThreads                            = 3                                         {product} {ergonomic}
     uint G1ConcRefinementThreads                  = 13                                        {product} {ergonomic}
   size_t G1HeapRegionSize                         = 1048576                                   {product} {ergonomic}
    uintx GCDrainStackTargetSize                   = 64                                        {product} {ergonomic}
   size_t InitialHeapSize                          = 260046848                                 {product} {ergonomic}
   size_t MarkStackSize                            = 4194304                                   {product} {ergonomic}
   size_t MaxHeapSize                              = 2147483648                                {product} {command line}
   size_t MaxMetaspaceSize                         = 536870912                                 {product} {command line}
   size_t MaxNewSize                               = 1287651328                                {product} {ergonomic}
   size_t MinHeapDeltaBytes                        = 1048576                                   {product} {ergonomic}
    uintx NonNMethodCodeHeapSize                   = 7591728                                {pd product} {ergonomic}
    uintx NonProfiledCodeHeapSize                  = 122033256                              {pd product} {ergonomic}
    uintx ProfiledCodeHeapSize                     = 122033256                              {pd product} {ergonomic}
    uintx ReservedCodeCacheSize                    = 251658240                              {pd product} {ergonomic}
     bool SegmentedCodeCache                       = true                                      {product} {ergonomic}
     bool UseCompressedClassPointers               = true                                 {lp64_product} {ergonomic}
     bool UseCompressedOops                        = true                                 {lp64_product} {ergonomic}
     bool UseG1GC                                  = true                                      {product} {ergonomic}
     bool UseLargePagesIndividualAllocation        = false                                  {pd product} {ergonomic}

Logging:
Log output configuration:
 #0: stdout all=warning uptime,level,tags
 #1: stderr all=off uptime,level,tags

Environment Variables:
JAVA_HOME=C:\Users\asus\AppData\Local\jdk-11.0.2
CLASSPATH=C:\Users\asus\Desktop\fullstack-mobile\ServiceXpj\android\\gradle\wrapper\gradle-wrapper.jar
PATH=C:\Users\asus\Desktop\fullstack-mobile\ServiceXpj\node_modules\.bin;C:\Users\asus\Desktop\fullstack-mobile\ServiceXpj\node_modules\.bin;C:\Users\asus\Desktop\fullstack-mobile\node_modules\.bin;C:\Users\asus\Desktop\node_modules\.bin;C:\Users\asus\node_modules\.bin;C:\Users\node_modules\.bin;C:\node_modules\.bin;C:\Users\asus\AppData\Roaming\npm\node_modules\npm\node_modules\@npmcli\run-script\lib\node-gyp-bin;C:\Users\asus\Desktop\fullstack-mobile\ServiceXpj\node_modules\.bin;C:\Users\asus\Desktop\fullstack-mobile\node_modules\.bin;C:\Users\asus\Desktop\node_modules\.bin;C:\Users\asus\node_modules\.bin;C:\Users\node_modules\.bin;C:\node_modules\.bin;C:\Users\asus\AppData\Roaming\npm\node_modules\npm\node_modules\@npmcli\run-script\lib\node-gyp-bin;C:\Program Files\Python312\Scripts\;C:\Program Files\Python312\;D:\Program Files (x86)\bin\;C:\ProgramData\Oracle\Java\javapath;C:\Windows\system32;C:\Windows;C:\Windows\System32\Wbem;C:\Windows\System32\WindowsPowerShell\v1.0\;C:\Windows\System32\OpenSSH\;C:\Program Files (x86)\NVIDIA Corporation\PhysX\Common;C:\Program Files\NVIDIA Corporation\NVIDIA NvDLISR;C:\MinGW\bin;C:\WINDOWS\system32;C:\WINDOWS;C:\WINDOWS\System32\Wbem;C:\WINDOWS\System32\WindowsPowerShell\v1.0\;C:\WINDOWS\System32\OpenSSH\;C:\Program Files\Wolfram Research\WolframScript\;D:\;D:\Git\cmd;%LOCALAPPDATA%\Android\Sdk\platform-tools;C:\Users\asus\AppData\Local\Android\Sdk\tools;C:\Users\asus\AppData\Local\jdk-11.0.2\bin;C:\Users\asus\AppData\Local\Android\Sdk\tools;C:\Users\asus\AppData\Local\jdk-11.0.2\bin;C:\Windows\system32;C:\Windows;C:\Windows\System32\Wbem;C:\Windows\System32\WindowsPowerShell\v1.0\;C:\Windows\System32\OpenSSH\;C:\Program Files (x86)\NVIDIA Corporation\PhysX\Common;C:\Program Files\NVIDIA Corporation\NVIDIA NvDLISR;C:\Users\asus\AppData\Local\Programs\Python\Python39\Scripts\;C:\Users\asus\AppData\Local\Programs\Python\Python39\;C:\Users\asus\AppData\Local\Microsoft\WindowsApps;C:\Users\asus\AppData\Local\Programs\Microsoft VS 
USERNAME=21n
OS=Windows_NT
PROCESSOR_IDENTIFIER=AMD64 Family 23 Model 96 Stepping 1, AuthenticAMD



---------------  S Y S T E M  ---------------

OS: Windows 10 , 64 bit Build 22621 (10.0.22621.2428)

CPU:total 16 (initial active 16) (16 cores per cpu, 2 threads per core) family 23 model 96 stepping 1, cmov, cx8, fxsr, mmx, sse, sse2, sse3, ssse3, sse4.1, sse4.2, popcnt, avx, avx2, aes, clmul, mmxext, 3dnowpref, lzcnt, sse4a, ht, tsc, tscinvbit, tscinv, bmi1, bmi2, adx, sha, fma

Memory: 4k page, system-wide physical 15790M (51M free)
TotalPageFile size 64942M (AvailPageFile size 177M)
current process WorkingSet (physical memory assigned to process): 16M, peak: 281M
current process commit charge ("private bytes"): 433M, peak: 457M

vm_info: OpenJDK 64-Bit Server VM (11.0.2+9) for windows-amd64 JRE (11.0.2+9), built on Jan 18 2019 05:23:22 by "mach5one" with MS VC++ 15.5 (VS2017)

END.
