#
# There is insufficient memory for the Java Runtime Environment to continue.
# Native memory allocation (malloc) failed to allocate 32744 bytes for ChunkPool::allocate
# Possible reasons:
#   The system is out of physical RAM or swap space
#   The process is running with CompressedOops enabled, and the Java Heap may be blocking the growth of the native heap
# Possible solutions:
#   Reduce memory load on the system
#   Increase physical memory or swap space
#   Check if swap backing store is full
#   Decrease Java heap size (-Xmx/-Xms)
#   Decrease number of Java threads
#   Decrease Java thread stack sizes (-Xss)
#   Set larger code cache with -XX:ReservedCodeCacheSize=
#   JVM is running with Unscaled Compressed Oops mode in which the Java heap is
#     placed in the first 4GB address space. The Java Heap base address is the
#     maximum limit for the native heap growth. Please use -XX:HeapBaseMinAddress
#     to set the Java Heap base and to place the Java Heap above 4GB virtual address.
# This output file may be truncated or incomplete.
#
#  Out of Memory Error (t:/workspace/open/src/hotspot/share/memory/arena.cpp:81), pid=61392, tid=31104
#
# JRE version: OpenJDK Runtime Environment (11.0.2+9) (build 11.0.2+9)
# Java VM: OpenJDK 64-Bit Server VM (11.0.2+9, mixed mode, tiered, compressed oops, g1 gc, windows-amd64)
# No core dump will be written. Minidumps are not enabled by default on client versions of Windows
#

---------------  S U M M A R Y ------------

Command Line: -Xmx64m -Xms64m -Dorg.gradle.appname=gradlew org.gradle.wrapper.GradleWrapperMain tasks

Host: AMD Ryzen 7 4800H with Radeon Graphics         , 16 cores, 15G,  Windows 10 , 64 bit Build 22621 (10.0.22621.2428)
Time: Wed Nov  1 01:27:04 2023 SE Asia Standard Time elapsed time: 32 seconds (0d 0h 0m 32s)

---------------  T H R E A D  ---------------

Current thread (0x000002244d937000):  JavaThread "C2 CompilerThread0" daemon [_thread_in_native, id=31104, stack(0x000000fd94900000,0x000000fd94a00000)]


Current CompileTask:
C2:  32719  494       4       java.util.HashMap::putVal (300 bytes)

Stack: [0x000000fd94900000,0x000000fd94a00000]
Native frames: (J=compiled Java code, j=interpreted, Vv=VM code, C=native code)
V  [jvm.dll+0x63489a]
V  [jvm.dll+0x771f9f]
V  [jvm.dll+0x773648]
V  [jvm.dll+0x773d03]
V  [jvm.dll+0x25eba8]
V  [jvm.dll+0xc23bb]
V  [jvm.dll+0xc271c]
V  [jvm.dll+0xc2270]
V  [jvm.dll+0x613baf]
V  [jvm.dll+0x6664ae]
V  [jvm.dll+0x1a989d]
V  [jvm.dll+0x218ad2]
V  [jvm.dll+0x217b6a]
V  [jvm.dll+0x194370]
V  [jvm.dll+0x226b3f]
V  [jvm.dll+0x225148]
V  [jvm.dll+0x73774d]
V  [jvm.dll+0x633942]
C  [ucrtbase.dll+0x29363]
C  [KERNEL32.DLL+0x1257d]
C  [ntdll.dll+0x5aa78]


---------------  P R O C E S S  ---------------

Threads class SMR info:
_java_thread_list=0x000002244e3a0320, length=10, elements={
0x0000022432be7800, 0x000002244d8d3800, 0x000002244d8d6000, 0x000002244d934000,
0x000002244d935000, 0x000002244d937000, 0x000002244d93c800, 0x000002244d93e800,
0x000002244e3b2000, 0x000002244e3b9000
}

Java Threads: ( => current thread )
  0x0000022432be7800 JavaThread "main" [_thread_in_vm, id=58408, stack(0x000000fd93e00000,0x000000fd93f00000)]
  0x000002244d8d3800 JavaThread "Reference Handler" daemon [_thread_blocked, id=62380, stack(0x000000fd94500000,0x000000fd94600000)]
  0x000002244d8d6000 JavaThread "Finalizer" daemon [_thread_blocked, id=62384, stack(0x000000fd94600000,0x000000fd94700000)]
  0x000002244d934000 JavaThread "Signal Dispatcher" daemon [_thread_blocked, id=60568, stack(0x000000fd94700000,0x000000fd94800000)]
  0x000002244d935000 JavaThread "Attach Listener" daemon [_thread_blocked, id=54496, stack(0x000000fd94800000,0x000000fd94900000)]
=>0x000002244d937000 JavaThread "C2 CompilerThread0" daemon [_thread_in_native, id=31104, stack(0x000000fd94900000,0x000000fd94a00000)]
  0x000002244d93c800 JavaThread "C1 CompilerThread0" daemon [_thread_blocked, id=46044, stack(0x000000fd94a00000,0x000000fd94b00000)]
  0x000002244d93e800 JavaThread "Sweeper thread" daemon [_thread_blocked, id=55356, stack(0x000000fd94b00000,0x000000fd94c00000)]
  0x000002244e3b2000 JavaThread "Service Thread" daemon [_thread_blocked, id=62116, stack(0x000000fd94c00000,0x000000fd94d00000)]
  0x000002244e3b9000 JavaThread "Common-Cleaner" daemon [_thread_blocked, id=55016, stack(0x000000fd94e00000,0x000000fd94f00000)]

Other Threads:
  0x000002244d8ae000 VMThread "VM Thread" [stack: 0x000000fd94400000,0x000000fd94500000] [id=62308]
  0x000002244e3b4800 WatcherThread [stack: 0x000000fd94d00000,0x000000fd94e00000] [id=53524]
  0x0000022432bff800 GCTaskThread "GC Thread#0" [stack: 0x000000fd93f00000,0x000000fd94000000] [id=48068]
  0x0000022432c06000 ConcurrentGCThread "G1 Main Marker" [stack: 0x000000fd94000000,0x000000fd94100000] [id=60616]
  0x0000022432c07800 ConcurrentGCThread "G1 Conc#0" [stack: 0x000000fd94100000,0x000000fd94200000] [id=53308]
  0x0000022432c85000 ConcurrentGCThread "G1 Refine#0" [stack: 0x000000fd94200000,0x000000fd94300000] [id=61500]
  0x0000022432c87000 ConcurrentGCThread "G1 Young RemSet Sampling" [stack: 0x000000fd94300000,0x000000fd94400000] [id=61504]

Threads with active compile tasks:
C2 CompilerThread0 494       4       java.util.HashMap::putVal (300 bytes)

VM state:not at safepoint (normal execution)

VM Mutex/Monitor currently owned by a thread: None

Heap address: 0x00000000fc000000, size: 64 MB, Compressed Oops mode: 32-bit
Narrow klass base: 0x0000000000000000, Narrow klass shift: 3
Compressed class space size: 1073741824 Address: 0x0000000100000000

Heap:
 garbage-first heap   total 65536K, used 9216K [0x00000000fc000000, 0x0000000100000000)
  region size 1024K, 11 young (11264K), 0 survivors (0K)
 Metaspace       used 7121K, capacity 7289K, committed 7424K, reserved 1056768K
  class space    used 632K, capacity 682K, committed 768K, reserved 1048576K
Heap Regions: E=young(eden), S=young(survivor), O=old, HS=humongous(starts), HC=humongous(continues), CS=collection set, F=free, A=archive, TAMS=top-at-mark-start (previous, next)
|   0|0x00000000fc000000, 0x00000000fc000000, 0x00000000fc100000|  0%| F|  |TAMS 0x00000000fc000000, 0x00000000fc000000| Untracked 
|   1|0x00000000fc100000, 0x00000000fc100000, 0x00000000fc200000|  0%| F|  |TAMS 0x00000000fc100000, 0x00000000fc100000| Untracked 
|   2|0x00000000fc200000, 0x00000000fc200000, 0x00000000fc300000|  0%| F|  |TAMS 0x00000000fc200000, 0x00000000fc200000| Untracked 
|   3|0x00000000fc300000, 0x00000000fc300000, 0x00000000fc400000|  0%| F|  |TAMS 0x00000000fc300000, 0x00000000fc300000| Untracked 
|   4|0x00000000fc400000, 0x00000000fc400000, 0x00000000fc500000|  0%| F|  |TAMS 0x00000000fc400000, 0x00000000fc400000| Untracked 
|   5|0x00000000fc500000, 0x00000000fc500000, 0x00000000fc600000|  0%| F|  |TAMS 0x00000000fc500000, 0x00000000fc500000| Untracked 
|   6|0x00000000fc600000, 0x00000000fc600000, 0x00000000fc700000|  0%| F|  |TAMS 0x00000000fc600000, 0x00000000fc600000| Untracked 
|   7|0x00000000fc700000, 0x00000000fc700000, 0x00000000fc800000|  0%| F|  |TAMS 0x00000000fc700000, 0x00000000fc700000| Untracked 
|   8|0x00000000fc800000, 0x00000000fc800000, 0x00000000fc900000|  0%| F|  |TAMS 0x00000000fc800000, 0x00000000fc800000| Untracked 
|   9|0x00000000fc900000, 0x00000000fc900000, 0x00000000fca00000|  0%| F|  |TAMS 0x00000000fc900000, 0x00000000fc900000| Untracked 
|  10|0x00000000fca00000, 0x00000000fca00000, 0x00000000fcb00000|  0%| F|  |TAMS 0x00000000fca00000, 0x00000000fca00000| Untracked 
|  11|0x00000000fcb00000, 0x00000000fcb00000, 0x00000000fcc00000|  0%| F|  |TAMS 0x00000000fcb00000, 0x00000000fcb00000| Untracked 
|  12|0x00000000fcc00000, 0x00000000fcc00000, 0x00000000fcd00000|  0%| F|  |TAMS 0x00000000fcc00000, 0x00000000fcc00000| Untracked 
|  13|0x00000000fcd00000, 0x00000000fcd00000, 0x00000000fce00000|  0%| F|  |TAMS 0x00000000fcd00000, 0x00000000fcd00000| Untracked 
|  14|0x00000000fce00000, 0x00000000fce00000, 0x00000000fcf00000|  0%| F|  |TAMS 0x00000000fce00000, 0x00000000fce00000| Untracked 
|  15|0x00000000fcf00000, 0x00000000fcf00000, 0x00000000fd000000|  0%| F|  |TAMS 0x00000000fcf00000, 0x00000000fcf00000| Untracked 
|  16|0x00000000fd000000, 0x00000000fd000000, 0x00000000fd100000|  0%| F|  |TAMS 0x00000000fd000000, 0x00000000fd000000| Untracked 
|  17|0x00000000fd100000, 0x00000000fd100000, 0x00000000fd200000|  0%| F|  |TAMS 0x00000000fd100000, 0x00000000fd100000| Untracked 
|  18|0x00000000fd200000, 0x00000000fd200000, 0x00000000fd300000|  0%| F|  |TAMS 0x00000000fd200000, 0x00000000fd200000| Untracked 
|  19|0x00000000fd300000, 0x00000000fd300000, 0x00000000fd400000|  0%| F|  |TAMS 0x00000000fd300000, 0x00000000fd300000| Untracked 
|  20|0x00000000fd400000, 0x00000000fd400000, 0x00000000fd500000|  0%| F|  |TAMS 0x00000000fd400000, 0x00000000fd400000| Untracked 
|  21|0x00000000fd500000, 0x00000000fd500000, 0x00000000fd600000|  0%| F|  |TAMS 0x00000000fd500000, 0x00000000fd500000| Untracked 
|  22|0x00000000fd600000, 0x00000000fd600000, 0x00000000fd700000|  0%| F|  |TAMS 0x00000000fd600000, 0x00000000fd600000| Untracked 
|  23|0x00000000fd700000, 0x00000000fd700000, 0x00000000fd800000|  0%| F|  |TAMS 0x00000000fd700000, 0x00000000fd700000| Untracked 
|  24|0x00000000fd800000, 0x00000000fd800000, 0x00000000fd900000|  0%| F|  |TAMS 0x00000000fd800000, 0x00000000fd800000| Untracked 
|  25|0x00000000fd900000, 0x00000000fd900000, 0x00000000fda00000|  0%| F|  |TAMS 0x00000000fd900000, 0x00000000fd900000| Untracked 
|  26|0x00000000fda00000, 0x00000000fda00000, 0x00000000fdb00000|  0%| F|  |TAMS 0x00000000fda00000, 0x00000000fda00000| Untracked 
|  27|0x00000000fdb00000, 0x00000000fdb00000, 0x00000000fdc00000|  0%| F|  |TAMS 0x00000000fdb00000, 0x00000000fdb00000| Untracked 
|  28|0x00000000fdc00000, 0x00000000fdc00000, 0x00000000fdd00000|  0%| F|  |TAMS 0x00000000fdc00000, 0x00000000fdc00000| Untracked 
|  29|0x00000000fdd00000, 0x00000000fdd00000, 0x00000000fde00000|  0%| F|  |TAMS 0x00000000fdd00000, 0x00000000fdd00000| Untracked 
|  30|0x00000000fde00000, 0x00000000fde00000, 0x00000000fdf00000|  0%| F|  |TAMS 0x00000000fde00000, 0x00000000fde00000| Untracked 
|  31|0x00000000fdf00000, 0x00000000fdf00000, 0x00000000fe000000|  0%| F|  |TAMS 0x00000000fdf00000, 0x00000000fdf00000| Untracked 
|  32|0x00000000fe000000, 0x00000000fe000000, 0x00000000fe100000|  0%| F|  |TAMS 0x00000000fe000000, 0x00000000fe000000| Untracked 
|  33|0x00000000fe100000, 0x00000000fe100000, 0x00000000fe200000|  0%| F|  |TAMS 0x00000000fe100000, 0x00000000fe100000| Untracked 
|  34|0x00000000fe200000, 0x00000000fe200000, 0x00000000fe300000|  0%| F|  |TAMS 0x00000000fe200000, 0x00000000fe200000| Untracked 
|  35|0x00000000fe300000, 0x00000000fe300000, 0x00000000fe400000|  0%| F|  |TAMS 0x00000000fe300000, 0x00000000fe300000| Untracked 
|  36|0x00000000fe400000, 0x00000000fe400000, 0x00000000fe500000|  0%| F|  |TAMS 0x00000000fe400000, 0x00000000fe400000| Untracked 
|  37|0x00000000fe500000, 0x00000000fe500000, 0x00000000fe600000|  0%| F|  |TAMS 0x00000000fe500000, 0x00000000fe500000| Untracked 
|  38|0x00000000fe600000, 0x00000000fe600000, 0x00000000fe700000|  0%| F|  |TAMS 0x00000000fe600000, 0x00000000fe600000| Untracked 
|  39|0x00000000fe700000, 0x00000000fe700000, 0x00000000fe800000|  0%| F|  |TAMS 0x00000000fe700000, 0x00000000fe700000| Untracked 
|  40|0x00000000fe800000, 0x00000000fe800000, 0x00000000fe900000|  0%| F|  |TAMS 0x00000000fe800000, 0x00000000fe800000| Untracked 
|  41|0x00000000fe900000, 0x00000000fe900000, 0x00000000fea00000|  0%| F|  |TAMS 0x00000000fe900000, 0x00000000fe900000| Untracked 
|  42|0x00000000fea00000, 0x00000000fea00000, 0x00000000feb00000|  0%| F|  |TAMS 0x00000000fea00000, 0x00000000fea00000| Untracked 
|  43|0x00000000feb00000, 0x00000000feb00000, 0x00000000fec00000|  0%| F|  |TAMS 0x00000000feb00000, 0x00000000feb00000| Untracked 
|  44|0x00000000fec00000, 0x00000000fec00000, 0x00000000fed00000|  0%| F|  |TAMS 0x00000000fec00000, 0x00000000fec00000| Untracked 
|  45|0x00000000fed00000, 0x00000000fed00000, 0x00000000fee00000|  0%| F|  |TAMS 0x00000000fed00000, 0x00000000fed00000| Untracked 
|  46|0x00000000fee00000, 0x00000000fee00000, 0x00000000fef00000|  0%| F|  |TAMS 0x00000000fee00000, 0x00000000fee00000| Untracked 
|  47|0x00000000fef00000, 0x00000000fef00000, 0x00000000ff000000|  0%| F|  |TAMS 0x00000000fef00000, 0x00000000fef00000| Untracked 
|  48|0x00000000ff000000, 0x00000000ff000000, 0x00000000ff100000|  0%| F|  |TAMS 0x00000000ff000000, 0x00000000ff000000| Untracked 
|  49|0x00000000ff100000, 0x00000000ff100000, 0x00000000ff200000|  0%| F|  |TAMS 0x00000000ff100000, 0x00000000ff100000| Untracked 
|  50|0x00000000ff200000, 0x00000000ff200000, 0x00000000ff300000|  0%| F|  |TAMS 0x00000000ff200000, 0x00000000ff200000| Untracked 
|  51|0x00000000ff300000, 0x00000000ff300000, 0x00000000ff400000|  0%| F|  |TAMS 0x00000000ff300000, 0x00000000ff300000| Untracked 
|  52|0x00000000ff400000, 0x00000000ff400000, 0x00000000ff500000|  0%| F|  |TAMS 0x00000000ff400000, 0x00000000ff400000| Untracked 
|  53|0x00000000ff500000, 0x00000000ff600000, 0x00000000ff600000|100%| E|  |TAMS 0x00000000ff500000, 0x00000000ff500000| Complete 
|  54|0x00000000ff600000, 0x00000000ff700000, 0x00000000ff700000|100%| E|  |TAMS 0x00000000ff600000, 0x00000000ff600000| Complete 
|  55|0x00000000ff700000, 0x00000000ff800000, 0x00000000ff800000|100%| E|CS|TAMS 0x00000000ff700000, 0x00000000ff700000| Complete 
|  56|0x00000000ff800000, 0x00000000ff900000, 0x00000000ff900000|100%| E|CS|TAMS 0x00000000ff800000, 0x00000000ff800000| Complete 
|  57|0x00000000ff900000, 0x00000000ffa00000, 0x00000000ffa00000|100%| E|CS|TAMS 0x00000000ff900000, 0x00000000ff900000| Complete 
|  58|0x00000000ffa00000, 0x00000000ffb00000, 0x00000000ffb00000|100%| E|CS|TAMS 0x00000000ffa00000, 0x00000000ffa00000| Complete 
|  59|0x00000000ffb00000, 0x00000000ffc00000, 0x00000000ffc00000|100%| E|CS|TAMS 0x00000000ffb00000, 0x00000000ffb00000| Complete 
|  60|0x00000000ffc00000, 0x00000000ffd00000, 0x00000000ffd00000|100%| E|CS|TAMS 0x00000000ffc00000, 0x00000000ffc00000| Complete 
|  61|0x00000000ffd00000, 0x00000000ffe00000, 0x00000000ffe00000|100%| E|CS|TAMS 0x00000000ffd00000, 0x00000000ffd00000| Complete 
|  62|0x00000000ffe00000, 0x00000000fff00000, 0x00000000fff00000|100%| E|CS|TAMS 0x00000000ffe00000, 0x00000000ffe00000| Complete 
|  63|0x00000000fff00000, 0x0000000100000000, 0x0000000100000000|100%| E|CS|TAMS 0x00000000fff00000, 0x00000000fff00000| Complete 

Card table byte_map: [0x0000022432300000,0x0000022432320000] _byte_map_base: 0x0000022431b20000

Marking Bits (Prev, Next): (CMBitMap*) 0x0000022432c051e8, (CMBitMap*) 0x0000022432c05220
 Prev Bits: [0x000002244a780000, 0x000002244a880000)
 Next Bits: [0x000002244a880000, 0x000002244a980000)

Polling page: 0x0000022430930000

Metaspace:

Usage:
  Non-class:      6.45 MB capacity,     6.34 MB ( 98%) used,   112.76 KB (  2%) free+waste,     5.13 KB ( <1%) overhead. 
      Class:    682.00 KB capacity,   632.12 KB ( 93%) used,    47.45 KB (  7%) free+waste,     2.44 KB ( <1%) overhead. 
       Both:      7.12 MB capacity,     6.95 MB ( 98%) used,   160.20 KB (  2%) free+waste,     7.56 KB ( <1%) overhead. 

Virtual space:
  Non-class space:        8.00 MB reserved,       6.50 MB ( 81%) committed 
      Class space:        1.00 GB reserved,     768.00 KB ( <1%) committed 
             Both:        1.01 GB reserved,       7.25 MB ( <1%) committed 

Chunk freelists:
   Non-Class:  6.13 KB
       Class:  0 bytes
        Both:  6.13 KB

CodeHeap 'non-profiled nmethods': size=119168Kb used=143Kb max_used=143Kb free=119024Kb
 bounds [0x0000022442aa0000, 0x0000022442d10000, 0x0000022449f00000]
CodeHeap 'profiled nmethods': size=119168Kb used=826Kb max_used=826Kb free=118341Kb
 bounds [0x000002243b640000, 0x000002243b8b0000, 0x0000022442aa0000]
CodeHeap 'non-nmethods': size=7424Kb used=1060Kb max_used=1074Kb free=6363Kb
 bounds [0x000002243af00000, 0x000002243b170000, 0x000002243b640000]
 total_blobs=993 nmethods=492 adapters=262
 compilation: enabled
              stopped_count=0, restarted_count=0
 full_count=0

Compilation events (10 events):
Event: 32.503 Thread 0x000002244d93c800  492       3       org.gradle.internal.classpath.DefaultClassPath$ImmutableUniqueList::get (57 bytes)
Event: 32.504 Thread 0x000002244d93c800 nmethod 492 0x000002243b70ac90 code [0x000002243b70aec0, 0x000002243b70b350]
Event: 32.504 Thread 0x000002244d93c800  493       3       org.gradle.internal.Cast::uncheckedNonnullCast (2 bytes)
Event: 32.504 Thread 0x000002244d93c800 nmethod 493 0x000002243b70b590 code [0x000002243b70b740, 0x000002243b70b878]
Event: 32.504 Thread 0x000002244d93c800  495       3       java.lang.StringLatin1::compareToCI (108 bytes)
Event: 32.505 Thread 0x000002244d93c800 nmethod 495 0x000002243b70b910 code [0x000002243b70bb80, 0x000002243b70c4a0]
Event: 32.505 Thread 0x000002244d93c800  498       3       java.util.AbstractCollection::addAll (42 bytes)
Event: 32.549 Thread 0x000002244d93c800 nmethod 498 0x000002243b70c890 code [0x000002243b70caa0, 0x000002243b70d000]
Event: 32.551 Thread 0x000002244d93c800  499       3       java.util.AbstractCollection::toArray (144 bytes)
Event: 32.552 Thread 0x000002244d93c800 nmethod 499 0x000002243b70d190 code [0x000002243b70d460, 0x000002243b70e5e0]

GC Heap History (0 events):
No events

Deoptimization events (2 events):
Event: 9.075 Thread 0x0000022432be7800 Uncommon trap: reason=unstable_if action=reinterpret pc=0x0000022442aa53f4 method=java.lang.String.hashCode()I @ 14 c2
Event: 31.885 Thread 0x0000022432be7800 Uncommon trap: reason=unstable_if action=reinterpret pc=0x0000022442ab9d2c method=java.util.regex.Pattern.append(II)V @ 6 c2

Classes redefined (0 events):
No events

Internal exceptions (3 events):
Event: 17.341 Thread 0x0000022432be7800 Exception <a 'java/lang/NoSuchMethodError'{0x00000000ffc6b8c8}: java.lang.invoke.DirectMethodHandle$Holder.invokeStaticInit(Ljava/lang/Object;Ljava/lang/Object;)I> (0x00000000ffc6b8c8) thrown at [t:/workspace/open/src/hotspot/share/interpreter/linkResolve
Event: 18.731 Thread 0x0000022432be7800 Exception <a 'java/lang/NoSuchMethodError'{0x00000000ffb401e8}: java.lang.invoke.DirectMethodHandle$Holder.invokeSpecial(Ljava/lang/Object;Ljava/lang/Object;Ljava/lang/Object;Ljava/lang/Object;)I> (0x00000000ffb401e8) thrown at [t:/workspace/open/src/hots
Event: 19.552 Thread 0x0000022432be7800 Exception <a 'java/lang/NoSuchMethodError'{0x00000000ffb78430}: java.lang.invoke.DirectMethodHandle$Holder.invokeSpecialIFC(Ljava/lang/Object;Ljava/lang/Object;I)I> (0x00000000ffb78430) thrown at [t:/workspace/open/src/hotspot/share/interpreter/linkResolv

Events (10 events):
Event: 22.815 Thread 0x0000022432be7800 DEOPT PACKING pc=0x000002243b680908 sp=0x000000fd93efd4f0
Event: 22.815 Thread 0x0000022432be7800 DEOPT UNPACKING pc=0x000002243af28d4e sp=0x000000fd93efc9c0 mode 0
Event: 31.885 Thread 0x0000022432be7800 Uncommon trap: trap_request=0xffffff4d fr.pc=0x0000022442ab9d2c relative=0x000000000000008c
Event: 31.885 Thread 0x0000022432be7800 DEOPT PACKING pc=0x0000022442ab9d2c sp=0x000000fd93efd260
Event: 31.885 Thread 0x0000022432be7800 DEOPT UNPACKING pc=0x000002243af28f2f sp=0x000000fd93efd1d8 mode 2
Event: 32.551 loading class jdk/internal/module/Resources
Event: 32.563 loading class jdk/internal/module/Resources done
Event: 32.563 loading class jdk/internal/loader/BuiltinClassLoader$2
Event: 32.636 loading class jdk/internal/loader/BuiltinClassLoader$2 done
Event: 32.636 loading class jdk/internal/loader/BuiltinClassLoader$5


Dynamic libraries:
0x00007ff7b77c0000 - 0x00007ff7b7805000 	C:\Users\asus\AppData\Local\jdk-11.0.2\bin\java.exe
0x00007ffb37df0000 - 0x00007ffb38007000 	C:\WINDOWS\SYSTEM32\ntdll.dll
0x00007ffb36650000 - 0x00007ffb36714000 	C:\WINDOWS\System32\KERNEL32.DLL
0x00007ffb357a0000 - 0x00007ffb35b46000 	C:\WINDOWS\System32\KERNELBASE.dll
0x00007ffb35c00000 - 0x00007ffb35dad000 	C:\WINDOWS\System32\USER32.dll
0x00007ffb353a0000 - 0x00007ffb353c6000 	C:\WINDOWS\System32\win32u.dll
0x00007ffb367a0000 - 0x00007ffb367c9000 	C:\WINDOWS\System32\GDI32.dll
0x00007ffb35570000 - 0x00007ffb35688000 	C:\WINDOWS\System32\gdi32full.dll
0x00007ffb35690000 - 0x00007ffb3572a000 	C:\WINDOWS\System32\msvcp_win.dll
0x00007ffb353d0000 - 0x00007ffb354e1000 	C:\WINDOWS\System32\ucrtbase.dll
0x00007ffb2d100000 - 0x00007ffb2d393000 	C:\WINDOWS\WinSxS\amd64_microsoft.windows.common-controls_6595b64144ccf1df_6.0.22621.2361_none_2712ced57382f843\COMCTL32.dll
0x00007ffb35b50000 - 0x00007ffb35bf7000 	C:\WINDOWS\System32\msvcrt.dll
0x00007ffb378e0000 - 0x00007ffb37911000 	C:\WINDOWS\System32\IMM32.DLL
0x00007ffb0bfa0000 - 0x00007ffb0bfb6000 	C:\Users\asus\AppData\Local\jdk-11.0.2\bin\vcruntime140.dll
0x00007ffafb890000 - 0x00007ffafb93a000 	C:\Users\asus\AppData\Local\jdk-11.0.2\bin\msvcp140.dll
0x00007ffab83d0000 - 0x00007ffab8ef3000 	C:\Users\asus\AppData\Local\jdk-11.0.2\bin\server\jvm.dll
0x00007ffb36b20000 - 0x00007ffb36bd0000 	C:\WINDOWS\System32\ADVAPI32.dll
0x00007ffb36f40000 - 0x00007ffb36fe6000 	C:\WINDOWS\System32\sechost.dll
0x00007ffb36970000 - 0x00007ffb36a87000 	C:\WINDOWS\System32\RPCRT4.dll
0x00007ffb36530000 - 0x00007ffb36538000 	C:\WINDOWS\System32\PSAPI.DLL
0x00007ffb2cb00000 - 0x00007ffb2cb0a000 	C:\WINDOWS\SYSTEM32\VERSION.dll
0x00007ffb2d810000 - 0x00007ffb2d844000 	C:\WINDOWS\SYSTEM32\WINMM.dll
0x00007ffb0ce80000 - 0x00007ffb0ce89000 	C:\WINDOWS\SYSTEM32\WSOCK32.dll
0x00007ffb37850000 - 0x00007ffb378c1000 	C:\WINDOWS\System32\WS2_32.dll
0x00007ffb34220000 - 0x00007ffb34238000 	C:\WINDOWS\SYSTEM32\kernel.appcore.dll
0x00007ffb0ba70000 - 0x00007ffb0ba81000 	C:\Users\asus\AppData\Local\jdk-11.0.2\bin\verify.dll
0x00007ffb2ae50000 - 0x00007ffb2b07e000 	C:\WINDOWS\SYSTEM32\DBGHELP.DLL
0x00007ffb37a20000 - 0x00007ffb37daa000 	C:\WINDOWS\System32\combase.dll
0x00007ffb35db0000 - 0x00007ffb35e87000 	C:\WINDOWS\System32\OLEAUT32.dll
0x00007ffb2b170000 - 0x00007ffb2b1a2000 	C:\WINDOWS\SYSTEM32\dbgcore.DLL
0x00007ffb354f0000 - 0x00007ffb3556a000 	C:\WINDOWS\System32\bcryptPrimitives.dll
0x00007ffb0a9a0000 - 0x00007ffb0a9c8000 	C:\Users\asus\AppData\Local\jdk-11.0.2\bin\java.dll
0x00007ffb0a8f0000 - 0x00007ffb0a906000 	C:\Users\asus\AppData\Local\jdk-11.0.2\bin\zip.dll
0x00007ffb2aa70000 - 0x00007ffb2aa7a000 	C:\Users\asus\AppData\Local\jdk-11.0.2\bin\jimage.dll
0x00007ffb36ff0000 - 0x00007ffb37848000 	C:\WINDOWS\System32\SHELL32.dll
0x00007ffb330d0000 - 0x00007ffb339c2000 	C:\WINDOWS\SYSTEM32\windows.storage.dll
0x00007ffb32f90000 - 0x00007ffb330ce000 	C:\WINDOWS\SYSTEM32\wintypes.dll
0x00007ffb36540000 - 0x00007ffb36633000 	C:\WINDOWS\System32\SHCORE.dll
0x00007ffb37920000 - 0x00007ffb3797e000 	C:\WINDOWS\System32\shlwapi.dll
0x00007ffb350a0000 - 0x00007ffb350c6000 	C:\WINDOWS\SYSTEM32\profapi.dll
0x00007ffb09930000 - 0x00007ffb09949000 	C:\Users\asus\AppData\Local\jdk-11.0.2\bin\net.dll
0x00007ffb2f330000 - 0x00007ffb2f467000 	C:\WINDOWS\SYSTEM32\WINHTTP.dll
0x00007ffb204e0000 - 0x00007ffb206d0000 	C:\WINDOWS\SYSTEM32\urlmon.dll
0x00007ffb20220000 - 0x00007ffb204dc000 	C:\WINDOWS\SYSTEM32\iertutil.dll
0x00007ffb201f0000 - 0x00007ffb20219000 	C:\WINDOWS\SYSTEM32\srvcli.dll
0x00007ffb33dc0000 - 0x00007ffb33dcc000 	C:\WINDOWS\SYSTEM32\netutils.dll
0x00007ffb346b0000 - 0x00007ffb34719000 	C:\WINDOWS\system32\mswsock.dll
0x00007ffb09060000 - 0x00007ffb09073000 	C:\Users\asus\AppData\Local\jdk-11.0.2\bin\nio.dll

dbghelp: loaded successfully - version: 4.0.5 - missing functions: none
symbol engine: initialized successfully - sym options: 0x614 - pdb path: .;C:\Users\asus\AppData\Local\jdk-11.0.2\bin;C:\WINDOWS\SYSTEM32;C:\WINDOWS\WinSxS\amd64_microsoft.windows.common-controls_6595b64144ccf1df_6.0.22621.2361_none_2712ced57382f843;C:\Users\asus\AppData\Local\jdk-11.0.2\bin\server

VM Arguments:
jvm_args: -Xmx64m -Xms64m -Dorg.gradle.appname=gradlew 
java_command: org.gradle.wrapper.GradleWrapperMain tasks
java_class_path (initial): C:\Users\asus\Desktop\fullstack-mobile\ServiceXpj\android\\gradle\wrapper\gradle-wrapper.jar
Launcher Type: SUN_STANDARD

[Global flags]
     intx CICompilerCount                          = 12                                        {product} {ergonomic}
     uint ConcGCThreads                            = 3                                         {product} {ergonomic}
     uint G1ConcRefinementThreads                  = 13                                        {product} {ergonomic}
   size_t G1HeapRegionSize                         = 1048576                                   {product} {ergonomic}
    uintx GCDrainStackTargetSize                   = 64                                        {product} {ergonomic}
   size_t InitialHeapSize                          = 67108864                                  {product} {command line}
   size_t MarkStackSize                            = 4194304                                   {product} {ergonomic}
   size_t MaxHeapSize                              = 67108864                                  {product} {command line}
   size_t MaxNewSize                               = 39845888                                  {product} {ergonomic}
   size_t MinHeapDeltaBytes                        = 1048576                                   {product} {ergonomic}
    uintx NonNMethodCodeHeapSize                   = 7591728                                {pd product} {ergonomic}
    uintx NonProfiledCodeHeapSize                  = 122033256                              {pd product} {ergonomic}
    uintx ProfiledCodeHeapSize                     = 122033256                              {pd product} {ergonomic}
    uintx ReservedCodeCacheSize                    = 251658240                              {pd product} {ergonomic}
     bool SegmentedCodeCache                       = true                                      {product} {ergonomic}
     bool UseCompressedClassPointers               = true                                 {lp64_product} {ergonomic}
     bool UseCompressedOops                        = true                                 {lp64_product} {ergonomic}
     bool UseG1GC                                  = true                                      {product} {ergonomic}
     bool UseLargePagesIndividualAllocation        = false                                  {pd product} {ergonomic}

Logging:
Log output configuration:
 #0: stdout all=warning uptime,level,tags
 #1: stderr all=off uptime,level,tags

Environment Variables:
JAVA_HOME=C:\Users\asus\AppData\Local\jdk-11.0.2
CLASSPATH=C:\Users\asus\Desktop\fullstack-mobile\ServiceXpj\android\\gradle\wrapper\gradle-wrapper.jar
PATH=C:\Users\asus\Desktop\fullstack-mobile\ServiceXpj\node_modules\.bin;C:\Users\asus\Desktop\fullstack-mobile\ServiceXpj\node_modules\.bin;C:\Users\asus\Desktop\fullstack-mobile\node_modules\.bin;C:\Users\asus\Desktop\node_modules\.bin;C:\Users\asus\node_modules\.bin;C:\Users\node_modules\.bin;C:\node_modules\.bin;C:\Users\asus\AppData\Roaming\npm\node_modules\npm\node_modules\@npmcli\run-script\lib\node-gyp-bin;C:\Users\asus\Desktop\fullstack-mobile\ServiceXpj\node_modules\.bin;C:\Users\asus\Desktop\fullstack-mobile\node_modules\.bin;C:\Users\asus\Desktop\node_modules\.bin;C:\Users\asus\node_modules\.bin;C:\Users\node_modules\.bin;C:\node_modules\.bin;C:\Users\asus\AppData\Roaming\npm\node_modules\npm\node_modules\@npmcli\run-script\lib\node-gyp-bin;C:\Program Files\Python312\Scripts\;C:\Program Files\Python312\;D:\Program Files (x86)\bin\;C:\ProgramData\Oracle\Java\javapath;C:\Windows\system32;C:\Windows;C:\Windows\System32\Wbem;C:\Windows\System32\WindowsPowerShell\v1.0\;C:\Windows\System32\OpenSSH\;C:\Program Files (x86)\NVIDIA Corporation\PhysX\Common;C:\Program Files\NVIDIA Corporation\NVIDIA NvDLISR;C:\MinGW\bin;C:\WINDOWS\system32;C:\WINDOWS;C:\WINDOWS\System32\Wbem;C:\WINDOWS\System32\WindowsPowerShell\v1.0\;C:\WINDOWS\System32\OpenSSH\;C:\Program Files\Wolfram Research\WolframScript\;D:\;D:\Git\cmd;%LOCALAPPDATA%\Android\Sdk\platform-tools;C:\Users\asus\AppData\Local\Android\Sdk\tools;C:\Users\asus\AppData\Local\jdk-11.0.2\bin;C:\Users\asus\AppData\Local\Android\Sdk\tools;C:\Users\asus\AppData\Local\jdk-11.0.2\bin;C:\Windows\system32;C:\Windows;C:\Windows\System32\Wbem;C:\Windows\System32\WindowsPowerShell\v1.0\;C:\Windows\System32\OpenSSH\;C:\Program Files (x86)\NVIDIA Corporation\PhysX\Common;C:\Program Files\NVIDIA Corporation\NVIDIA NvDLISR;C:\Users\asus\AppData\Local\Programs\Python\Python39\Scripts\;C:\Users\asus\AppData\Local\Programs\Python\Python39\;C:\Users\asus\AppData\Local\Microsoft\WindowsApps;C:\Users\asus\AppData\Local\Programs\Microsoft VS 
USERNAME=21n
OS=Windows_NT
PROCESSOR_IDENTIFIER=AMD64 Family 23 Model 96 Stepping 1, AuthenticAMD



---------------  S Y S T E M  ---------------

OS: Windows 10 , 64 bit Build 22621 (10.0.22621.2428)

CPU:total 16 (initial active 16) (16 cores per cpu, 2 threads per core) family 23 model 96 stepping 1, cmov, cx8, fxsr, mmx, sse, sse2, sse3, ssse3, sse4.1, sse4.2, popcnt, avx, avx2, aes, clmul, mmxext, 3dnowpref, lzcnt, sse4a, ht, tsc, tscinvbit, tscinv, bmi1, bmi2, adx, sha, fma

Memory: 4k page, system-wide physical 15790M (0M free)
TotalPageFile size 64942M (AvailPageFile size 5M)
current process WorkingSet (physical memory assigned to process): 16M, peak: 23M
current process commit charge ("private bytes"): 151M, peak: 153M

vm_info: OpenJDK 64-Bit Server VM (11.0.2+9) for windows-amd64 JRE (11.0.2+9), built on Jan 18 2019 05:23:22 by "mach5one" with MS VC++ 15.5 (VS2017)

END.
